This is pdfTeX, Version 3.14159265-2.6-1.40.16 (TeX Live 2015/Debian) (preloaded format=pdflatex 2018.10.21)  11 OCT 2021 13:53
entering extended mode
 restricted \write18 enabled.
 %&-line parsing enabled.
**MAIN.tex
(./MAIN.tex
LaTeX2e <2016/02/01>
Babel <3.9q> and hyphenation patterns for 81 language(s) loaded.
(/usr/share/texlive/texmf-dist/tex/latex/beamer/beamer.cls
(/usr/share/texlive/texmf-dist/tex/latex/beamer/beamerbasercs.sty
Package: beamerbasercs 2015/03/08 (rcs-revision 368aa9ba9d38)
)
Document Class: beamer 2015/01/05 3.36 A class for typesetting presentations (r
cs-revision 8a39122e1f63)
(/usr/share/texlive/texmf-dist/tex/latex/beamer/beamerbasemodes.sty
Package: beamerbasemodes 2013/09/03 (rcs-revision 768f2d98ca64)
\beamer@tempbox=\box26
\beamer@tempcount=\count79
\c@beamerpauses=\count80

(/usr/share/texlive/texmf-dist/tex/latex/beamer/beamerbasedecode.sty
Package: beamerbasedecode 2010/05/01 (rcs-revision efa082c6111d)
\beamer@slideinframe=\count81
\beamer@minimum=\count82
)
\beamer@commentbox=\box27
\beamer@modecount=\count83
)
(/usr/share/texlive/texmf-dist/tex/generic/oberdiek/ifpdf.sty
Package: ifpdf 2011/01/30 v2.3 Provides the ifpdf switch (HO)
Package ifpdf Info: pdfTeX in PDF mode is detected.
)
\headheight=\dimen102
\headdp=\dimen103
\footheight=\dimen104
\sidebarheight=\dimen105
\beamer@tempdim=\dimen106
\beamer@finalheight=\dimen107
\beamer@animht=\dimen108
\beamer@animdp=\dimen109
\beamer@animwd=\dimen110
\beamer@leftmargin=\dimen111
\beamer@rightmargin=\dimen112
\beamer@leftsidebar=\dimen113
\beamer@rightsidebar=\dimen114
\beamer@boxsize=\dimen115
\beamer@vboxoffset=\dimen116
\beamer@descdefault=\dimen117
\beamer@descriptionwidth=\dimen118
\beamer@lastskip=\skip41
\beamer@areabox=\box28
\beamer@animcurrent=\box29
\beamer@animshowbox=\box30
\beamer@sectionbox=\box31
\beamer@logobox=\box32
\beamer@linebox=\box33
\beamer@sectioncount=\count84
\beamer@subsubsectionmax=\count85
\beamer@subsectionmax=\count86
\beamer@sectionmax=\count87
\beamer@totalheads=\count88
\beamer@headcounter=\count89
\beamer@partstartpage=\count90
\beamer@sectionstartpage=\count91
\beamer@subsectionstartpage=\count92
\beamer@animationtempa=\count93
\beamer@animationtempb=\count94
\beamer@xpos=\count95
\beamer@ypos=\count96
\beamer@showpartnumber=\count97
\beamer@currentsubsection=\count98
\beamer@coveringdepth=\count99
\beamer@sectionadjust=\count100
\beamer@tocsectionnumber=\count101

(/usr/share/texlive/texmf-dist/tex/latex/beamer/beamerbaseoptions.sty
Package: beamerbaseoptions 2013/03/10 (rcs-revision 47431932db0d)

(/usr/share/texlive/texmf-dist/tex/latex/graphics/keyval.sty
Package: keyval 2014/10/28 v1.15 key=value parser (DPC)
\KV@toks@=\toks14
))
\beamer@paperwidth=\skip42
\beamer@paperheight=\skip43

(/usr/share/texlive/texmf-dist/tex/latex/geometry/geometry.sty
Package: geometry 2010/09/12 v5.6 Page Geometry

(/usr/share/texlive/texmf-dist/tex/generic/oberdiek/ifvtex.sty
Package: ifvtex 2010/03/01 v1.5 Detect VTeX and its facilities (HO)
Package ifvtex Info: VTeX not detected.
)
(/usr/share/texlive/texmf-dist/tex/generic/ifxetex/ifxetex.sty
Package: ifxetex 2010/09/12 v0.6 Provides ifxetex conditional
)
\Gm@cnth=\count102
\Gm@cntv=\count103
\c@Gm@tempcnt=\count104
\Gm@bindingoffset=\dimen119
\Gm@wd@mp=\dimen120
\Gm@odd@mp=\dimen121
\Gm@even@mp=\dimen122
\Gm@layoutwidth=\dimen123
\Gm@layoutheight=\dimen124
\Gm@layouthoffset=\dimen125
\Gm@layoutvoffset=\dimen126
\Gm@dimlist=\toks15
)
(/usr/share/texlive/texmf-dist/tex/latex/base/leqno.clo
File: leqno.clo 2015/03/31 v1.1i Standard LaTeX option (left equation numbers)
)
(/usr/share/texlive/texmf-dist/tex/latex/extsizes/size8.clo
File: size8.clo 1999/11/11 v1.4a NON-Standard LaTeX file (size option)
)
(/usr/share/texlive/texmf-dist/tex/latex/pgf/basiclayer/pgfcore.sty
(/usr/share/texlive/texmf-dist/tex/latex/graphics/graphicx.sty
Package: graphicx 2014/10/28 v1.0g Enhanced LaTeX Graphics (DPC,SPQR)

(/usr/share/texlive/texmf-dist/tex/latex/graphics/graphics.sty
Package: graphics 2016/01/03 v1.0q Standard LaTeX Graphics (DPC,SPQR)

(/usr/share/texlive/texmf-dist/tex/latex/graphics/trig.sty
Package: trig 2016/01/03 v1.10 sin cos tan (DPC)
)
(/usr/share/texlive/texmf-dist/tex/latex/latexconfig/graphics.cfg
File: graphics.cfg 2010/04/23 v1.9 graphics configuration of TeX Live
)
Package graphics Info: Driver file: pdftex.def on input line 95.

(/usr/share/texlive/texmf-dist/tex/latex/pdftex-def/pdftex.def
File: pdftex.def 2011/05/27 v0.06d Graphics/color for pdfTeX

(/usr/share/texlive/texmf-dist/tex/generic/oberdiek/infwarerr.sty
Package: infwarerr 2010/04/08 v1.3 Providing info/warning/error messages (HO)
)
(/usr/share/texlive/texmf-dist/tex/generic/oberdiek/ltxcmds.sty
Package: ltxcmds 2011/11/09 v1.22 LaTeX kernel commands for general use (HO)
)
\Gread@gobject=\count105
))
\Gin@req@height=\dimen127
\Gin@req@width=\dimen128
)
(/usr/share/texlive/texmf-dist/tex/latex/pgf/systemlayer/pgfsys.sty
(/usr/share/texlive/texmf-dist/tex/latex/pgf/utilities/pgfrcs.sty
(/usr/share/texlive/texmf-dist/tex/generic/pgf/utilities/pgfutil-common.tex
\pgfutil@everybye=\toks16
\pgfutil@tempdima=\dimen129
\pgfutil@tempdimb=\dimen130

(/usr/share/texlive/texmf-dist/tex/generic/pgf/utilities/pgfutil-common-lists.t
ex)) (/usr/share/texlive/texmf-dist/tex/generic/pgf/utilities/pgfutil-latex.def
\pgfutil@abb=\box34
(/usr/share/texlive/texmf-dist/tex/latex/ms/everyshi.sty
Package: everyshi 2001/05/15 v3.00 EveryShipout Package (MS)
))
(/usr/share/texlive/texmf-dist/tex/generic/pgf/utilities/pgfrcs.code.tex
Package: pgfrcs 2015/08/07 v3.0.1a (rcs-revision 1.31)
))
(/usr/share/texlive/texmf-dist/tex/generic/pgf/systemlayer/pgfsys.code.tex
Package: pgfsys 2014/07/09 v3.0.1a (rcs-revision 1.48)

(/usr/share/texlive/texmf-dist/tex/generic/pgf/utilities/pgfkeys.code.tex
\pgfkeys@pathtoks=\toks17
\pgfkeys@temptoks=\toks18

(/usr/share/texlive/texmf-dist/tex/generic/pgf/utilities/pgfkeysfiltered.code.t
ex
\pgfkeys@tmptoks=\toks19
))
\pgf@x=\dimen131
\pgf@y=\dimen132
\pgf@xa=\dimen133
\pgf@ya=\dimen134
\pgf@xb=\dimen135
\pgf@yb=\dimen136
\pgf@xc=\dimen137
\pgf@yc=\dimen138
\w@pgf@writea=\write3
\r@pgf@reada=\read1
\c@pgf@counta=\count106
\c@pgf@countb=\count107
\c@pgf@countc=\count108
\c@pgf@countd=\count109
\t@pgf@toka=\toks20
\t@pgf@tokb=\toks21
\t@pgf@tokc=\toks22
 (/usr/share/texlive/texmf-dist/tex/generic/pgf/systemlayer/pgf.cfg
File: pgf.cfg 2008/05/14  (rcs-revision 1.7)
)
Driver file for pgf: pgfsys-pdftex.def

(/usr/share/texlive/texmf-dist/tex/generic/pgf/systemlayer/pgfsys-pdftex.def
File: pgfsys-pdftex.def 2014/10/11  (rcs-revision 1.35)

(/usr/share/texlive/texmf-dist/tex/generic/pgf/systemlayer/pgfsys-common-pdf.de
f
File: pgfsys-common-pdf.def 2013/10/10  (rcs-revision 1.13)
)))
(/usr/share/texlive/texmf-dist/tex/generic/pgf/systemlayer/pgfsyssoftpath.code.
tex
File: pgfsyssoftpath.code.tex 2013/09/09  (rcs-revision 1.9)
\pgfsyssoftpath@smallbuffer@items=\count110
\pgfsyssoftpath@bigbuffer@items=\count111
)
(/usr/share/texlive/texmf-dist/tex/generic/pgf/systemlayer/pgfsysprotocol.code.
tex
File: pgfsysprotocol.code.tex 2006/10/16  (rcs-revision 1.4)
)) (/usr/share/texlive/texmf-dist/tex/latex/xcolor/xcolor.sty
Package: xcolor 2007/01/21 v2.11 LaTeX color extensions (UK)

(/usr/share/texlive/texmf-dist/tex/latex/latexconfig/color.cfg
File: color.cfg 2007/01/18 v1.5 color configuration of teTeX/TeXLive
)
Package xcolor Info: Driver file: pdftex.def on input line 225.
Package xcolor Info: Model `cmy' substituted by `cmy0' on input line 1337.
Package xcolor Info: Model `hsb' substituted by `rgb' on input line 1341.
Package xcolor Info: Model `RGB' extended on input line 1353.
Package xcolor Info: Model `HTML' substituted by `rgb' on input line 1355.
Package xcolor Info: Model `Hsb' substituted by `hsb' on input line 1356.
Package xcolor Info: Model `tHsb' substituted by `hsb' on input line 1357.
Package xcolor Info: Model `HSB' substituted by `hsb' on input line 1358.
Package xcolor Info: Model `Gray' substituted by `gray' on input line 1359.
Package xcolor Info: Model `wave' substituted by `hsb' on input line 1360.
)
(/usr/share/texlive/texmf-dist/tex/generic/pgf/basiclayer/pgfcore.code.tex
Package: pgfcore 2010/04/11 v3.0.1a (rcs-revision 1.7)

(/usr/share/texlive/texmf-dist/tex/generic/pgf/math/pgfmath.code.tex
(/usr/share/texlive/texmf-dist/tex/generic/pgf/math/pgfmathcalc.code.tex
(/usr/share/texlive/texmf-dist/tex/generic/pgf/math/pgfmathutil.code.tex)
(/usr/share/texlive/texmf-dist/tex/generic/pgf/math/pgfmathparser.code.tex
\pgfmath@dimen=\dimen139
\pgfmath@count=\count112
\pgfmath@box=\box35
\pgfmath@toks=\toks23
\pgfmath@stack@operand=\toks24
\pgfmath@stack@operation=\toks25
)
(/usr/share/texlive/texmf-dist/tex/generic/pgf/math/pgfmathfunctions.code.tex
(/usr/share/texlive/texmf-dist/tex/generic/pgf/math/pgfmathfunctions.basic.code
.tex)
(/usr/share/texlive/texmf-dist/tex/generic/pgf/math/pgfmathfunctions.trigonomet
ric.code.tex)
(/usr/share/texlive/texmf-dist/tex/generic/pgf/math/pgfmathfunctions.random.cod
e.tex)
(/usr/share/texlive/texmf-dist/tex/generic/pgf/math/pgfmathfunctions.comparison
.code.tex)
(/usr/share/texlive/texmf-dist/tex/generic/pgf/math/pgfmathfunctions.base.code.
tex)
(/usr/share/texlive/texmf-dist/tex/generic/pgf/math/pgfmathfunctions.round.code
.tex)
(/usr/share/texlive/texmf-dist/tex/generic/pgf/math/pgfmathfunctions.misc.code.
tex)
(/usr/share/texlive/texmf-dist/tex/generic/pgf/math/pgfmathfunctions.integerari
thmetics.code.tex)))
(/usr/share/texlive/texmf-dist/tex/generic/pgf/math/pgfmathfloat.code.tex
\c@pgfmathroundto@lastzeros=\count113
))
(/usr/share/texlive/texmf-dist/tex/generic/pgf/basiclayer/pgfcorepoints.code.te
x
File: pgfcorepoints.code.tex 2013/10/07  (rcs-revision 1.27)
\pgf@picminx=\dimen140
\pgf@picmaxx=\dimen141
\pgf@picminy=\dimen142
\pgf@picmaxy=\dimen143
\pgf@pathminx=\dimen144
\pgf@pathmaxx=\dimen145
\pgf@pathminy=\dimen146
\pgf@pathmaxy=\dimen147
\pgf@xx=\dimen148
\pgf@xy=\dimen149
\pgf@yx=\dimen150
\pgf@yy=\dimen151
\pgf@zx=\dimen152
\pgf@zy=\dimen153
)
(/usr/share/texlive/texmf-dist/tex/generic/pgf/basiclayer/pgfcorepathconstruct.
code.tex
File: pgfcorepathconstruct.code.tex 2013/10/07  (rcs-revision 1.29)
\pgf@path@lastx=\dimen154
\pgf@path@lasty=\dimen155
)
(/usr/share/texlive/texmf-dist/tex/generic/pgf/basiclayer/pgfcorepathusage.code
.tex
File: pgfcorepathusage.code.tex 2014/11/02  (rcs-revision 1.24)
\pgf@shorten@end@additional=\dimen156
\pgf@shorten@start@additional=\dimen157
)
(/usr/share/texlive/texmf-dist/tex/generic/pgf/basiclayer/pgfcorescopes.code.te
x
File: pgfcorescopes.code.tex 2015/05/08  (rcs-revision 1.46)
\pgfpic=\box36
\pgf@hbox=\box37
\pgf@layerbox@main=\box38
\pgf@picture@serial@count=\count114
)
(/usr/share/texlive/texmf-dist/tex/generic/pgf/basiclayer/pgfcoregraphicstate.c
ode.tex
File: pgfcoregraphicstate.code.tex 2014/11/02  (rcs-revision 1.12)
\pgflinewidth=\dimen158
)
(/usr/share/texlive/texmf-dist/tex/generic/pgf/basiclayer/pgfcoretransformation
s.code.tex
File: pgfcoretransformations.code.tex 2015/08/07  (rcs-revision 1.20)
\pgf@pt@x=\dimen159
\pgf@pt@y=\dimen160
\pgf@pt@temp=\dimen161
)
(/usr/share/texlive/texmf-dist/tex/generic/pgf/basiclayer/pgfcorequick.code.tex
File: pgfcorequick.code.tex 2008/10/09  (rcs-revision 1.3)
)
(/usr/share/texlive/texmf-dist/tex/generic/pgf/basiclayer/pgfcoreobjects.code.t
ex
File: pgfcoreobjects.code.tex 2006/10/11  (rcs-revision 1.2)
)
(/usr/share/texlive/texmf-dist/tex/generic/pgf/basiclayer/pgfcorepathprocessing
.code.tex
File: pgfcorepathprocessing.code.tex 2013/09/09  (rcs-revision 1.9)
)
(/usr/share/texlive/texmf-dist/tex/generic/pgf/basiclayer/pgfcorearrows.code.te
x
File: pgfcorearrows.code.tex 2015/05/14  (rcs-revision 1.43)
\pgfarrowsep=\dimen162
)
(/usr/share/texlive/texmf-dist/tex/generic/pgf/basiclayer/pgfcoreshade.code.tex
File: pgfcoreshade.code.tex 2013/07/15  (rcs-revision 1.15)
\pgf@max=\dimen163
\pgf@sys@shading@range@num=\count115
)
(/usr/share/texlive/texmf-dist/tex/generic/pgf/basiclayer/pgfcoreimage.code.tex
File: pgfcoreimage.code.tex 2013/07/15  (rcs-revision 1.18)

(/usr/share/texlive/texmf-dist/tex/generic/pgf/basiclayer/pgfcoreexternal.code.
tex
File: pgfcoreexternal.code.tex 2014/07/09  (rcs-revision 1.21)
\pgfexternal@startupbox=\box39
))
(/usr/share/texlive/texmf-dist/tex/generic/pgf/basiclayer/pgfcorelayers.code.te
x
File: pgfcorelayers.code.tex 2013/07/18  (rcs-revision 1.7)
)
(/usr/share/texlive/texmf-dist/tex/generic/pgf/basiclayer/pgfcoretransparency.c
ode.tex
File: pgfcoretransparency.code.tex 2013/09/30  (rcs-revision 1.5)
)
(/usr/share/texlive/texmf-dist/tex/generic/pgf/basiclayer/pgfcorepatterns.code.
tex
File: pgfcorepatterns.code.tex 2013/11/07  (rcs-revision 1.5)
))) (/usr/share/texlive/texmf-dist/tex/latex/pgf/utilities/xxcolor.sty
Package: xxcolor 2003/10/24 ver 0.1
\XC@nummixins=\count116
\XC@countmixins=\count117
)
(/usr/share/texlive/texmf-dist/tex/generic/oberdiek/atbegshi.sty
Package: atbegshi 2011/10/05 v1.16 At begin shipout hook (HO)
)
(/usr/share/texlive/texmf-dist/tex/latex/hyperref/hyperref.sty
Package: hyperref 2012/11/06 v6.83m Hypertext links for LaTeX

(/usr/share/texlive/texmf-dist/tex/generic/oberdiek/hobsub-hyperref.sty
Package: hobsub-hyperref 2012/05/28 v1.13 Bundle oberdiek, subset hyperref (HO)


(/usr/share/texlive/texmf-dist/tex/generic/oberdiek/hobsub-generic.sty
Package: hobsub-generic 2012/05/28 v1.13 Bundle oberdiek, subset generic (HO)
Package: hobsub 2012/05/28 v1.13 Construct package bundles (HO)
Package hobsub Info: Skipping package `infwarerr' (already loaded).
Package hobsub Info: Skipping package `ltxcmds' (already loaded).
Package: ifluatex 2010/03/01 v1.3 Provides the ifluatex switch (HO)
Package ifluatex Info: LuaTeX not detected.
Package hobsub Info: Skipping package `ifvtex' (already loaded).
Package: intcalc 2007/09/27 v1.1 Expandable calculations with integers (HO)
Package hobsub Info: Skipping package `ifpdf' (already loaded).
Package: etexcmds 2011/02/16 v1.5 Avoid name clashes with e-TeX commands (HO)
Package etexcmds Info: Could not find \expanded.
(etexcmds)             That can mean that you are not using pdfTeX 1.50 or
(etexcmds)             that some package has redefined \expanded.
(etexcmds)             In the latter case, load this package earlier.
Package: kvsetkeys 2012/04/25 v1.16 Key value parser (HO)
Package: kvdefinekeys 2011/04/07 v1.3 Define keys (HO)
Package: pdftexcmds 2011/11/29 v0.20 Utility functions of pdfTeX for LuaTeX (HO
)
Package pdftexcmds Info: LuaTeX not detected.
Package pdftexcmds Info: \pdf@primitive is available.
Package pdftexcmds Info: \pdf@ifprimitive is available.
Package pdftexcmds Info: \pdfdraftmode found.
Package: pdfescape 2011/11/25 v1.13 Implements pdfTeX's escape features (HO)
Package: bigintcalc 2012/04/08 v1.3 Expandable calculations on big integers (HO
)
Package: bitset 2011/01/30 v1.1 Handle bit-vector datatype (HO)
Package: uniquecounter 2011/01/30 v1.2 Provide unlimited unique counter (HO)
)
Package hobsub Info: Skipping package `hobsub' (already loaded).
Package: letltxmacro 2010/09/02 v1.4 Let assignment for LaTeX macros (HO)
Package: hopatch 2012/05/28 v1.2 Wrapper for package hooks (HO)
Package: xcolor-patch 2011/01/30 xcolor patch
Package: atveryend 2011/06/30 v1.8 Hooks at the very end of document (HO)
Package atveryend Info: \enddocument detected (standard20110627).
Package hobsub Info: Skipping package `atbegshi' (already loaded).
Package: refcount 2011/10/16 v3.4 Data extraction from label references (HO)
Package: hycolor 2011/01/30 v1.7 Color options for hyperref/bookmark (HO)
)
(/usr/share/texlive/texmf-dist/tex/latex/oberdiek/auxhook.sty
Package: auxhook 2011/03/04 v1.3 Hooks for auxiliary files (HO)
)
(/usr/share/texlive/texmf-dist/tex/latex/oberdiek/kvoptions.sty
Package: kvoptions 2011/06/30 v3.11 Key value format for package options (HO)
)
\@linkdim=\dimen164
\Hy@linkcounter=\count118
\Hy@pagecounter=\count119

(/usr/share/texlive/texmf-dist/tex/latex/hyperref/pd1enc.def
File: pd1enc.def 2012/11/06 v6.83m Hyperref: PDFDocEncoding definition (HO)
)
\Hy@SavedSpaceFactor=\count120

(/usr/share/texlive/texmf-dist/tex/latex/latexconfig/hyperref.cfg
File: hyperref.cfg 2002/06/06 v1.2 hyperref configuration of TeXLive
)
Package hyperref Info: Option `bookmarks' set `true' on input line 4319.
Package hyperref Info: Option `bookmarksopen' set `true' on input line 4319.
Package hyperref Info: Option `implicit' set `false' on input line 4319.
Package hyperref Info: Hyper figures OFF on input line 4443.
Package hyperref Info: Link nesting OFF on input line 4448.
Package hyperref Info: Hyper index ON on input line 4451.
Package hyperref Info: Plain pages OFF on input line 4458.
Package hyperref Info: Backreferencing OFF on input line 4463.
Package hyperref Info: Implicit mode OFF; no redefinition of LaTeX internals.
Package hyperref Info: Bookmarks ON on input line 4688.
\c@Hy@tempcnt=\count121

(/usr/share/texlive/texmf-dist/tex/latex/url/url.sty
\Urlmuskip=\muskip10
Package: url 2013/09/16  ver 3.4  Verb mode for urls, etc.
)
LaTeX Info: Redefining \url on input line 5041.
\XeTeXLinkMargin=\dimen165
\Fld@menulength=\count122
\Field@Width=\dimen166
\Fld@charsize=\dimen167
Package hyperref Info: Hyper figures OFF on input line 6295.
Package hyperref Info: Link nesting OFF on input line 6300.
Package hyperref Info: Hyper index ON on input line 6303.
Package hyperref Info: backreferencing OFF on input line 6310.
Package hyperref Info: Link coloring OFF on input line 6315.
Package hyperref Info: Link coloring with OCG OFF on input line 6320.
Package hyperref Info: PDF/A mode OFF on input line 6325.
LaTeX Info: Redefining \ref on input line 6365.
LaTeX Info: Redefining \pageref on input line 6369.
\Hy@abspage=\count123


Package hyperref Message: Stopped early.

)

Package hyperref Message: Driver (autodetected): hpdftex.

(/usr/share/texlive/texmf-dist/tex/latex/hyperref/hpdftex.def
File: hpdftex.def 2012/11/06 v6.83m Hyperref driver for pdfTeX
\Fld@listcount=\count124
\c@bookmark@seq@number=\count125

(/usr/share/texlive/texmf-dist/tex/latex/oberdiek/rerunfilecheck.sty
Package: rerunfilecheck 2011/04/15 v1.7 Rerun checks for auxiliary files (HO)
Package uniquecounter Info: New unique counter `rerunfilecheck' on input line 2
82.
))
(/usr/share/texlive/texmf-dist/tex/latex/beamer/beamerbaserequires.sty
Package: beamerbaserequires 2010/05/01  (rcs-revision efa082c6111d)

(/usr/share/texlive/texmf-dist/tex/latex/beamer/beamerbasecompatibility.sty
Package: beamerbasecompatibility 2012/05/01  (rcs-revision 67c48b3b652d)
)
(/usr/share/texlive/texmf-dist/tex/latex/beamer/beamerbasefont.sty
Package: beamerbasefont 2015/01/05  (rcs-revision b4b4bee242e2)

(/usr/share/texlive/texmf-dist/tex/latex/amsfonts/amssymb.sty
Package: amssymb 2013/01/14 v3.01 AMS font symbols

(/usr/share/texlive/texmf-dist/tex/latex/amsfonts/amsfonts.sty
Package: amsfonts 2013/01/14 v3.01 Basic AMSFonts support
\@emptytoks=\toks26
\symAMSa=\mathgroup4
\symAMSb=\mathgroup5
LaTeX Font Info:    Overwriting math alphabet `\mathfrak' in version `bold'
(Font)                  U/euf/m/n --> U/euf/b/n on input line 106.
))
(/usr/share/texlive/texmf-dist/tex/latex/sansmathaccent/sansmathaccent.sty
Package: sansmathaccent 2013/03/28

(/usr/share/texlive/texmf-dist/tex/latex/filehook/filehook.sty
Package: filehook 2011/10/12 v0.5d Hooks for input files
)))
(/usr/share/texlive/texmf-dist/tex/latex/beamer/beamerbasetranslator.sty
Package: beamerbasetranslator 2010/06/11  (rcs-revision 85fd1cc7fc42)

(/usr/share/texlive/texmf-dist/tex/latex/beamer/translator/translator.sty
Package: translator 2010/06/12 ver 1.10

(/usr/share/texlive/texmf-dist/tex/latex/beamer/translator/translator-language-
mappings.tex)))
(/usr/share/texlive/texmf-dist/tex/latex/beamer/beamerbasemisc.sty
Package: beamerbasemisc 2013/09/03  (rcs-revision a55719c41d85)
)
(/usr/share/texlive/texmf-dist/tex/latex/beamer/beamerbasetwoscreens.sty
Package: beamerbasetwoscreens 2010/05/01  (rcs-revision efa082c6111d)
)
(/usr/share/texlive/texmf-dist/tex/latex/beamer/beamerbaseoverlay.sty
Package: beamerbaseoverlay 2013/12/25  (rcs-revision f6bd5e3805da)
\beamer@argscount=\count126
\beamer@lastskipcover=\skip44
\beamer@trivlistdepth=\count127
)
(/usr/share/texlive/texmf-dist/tex/latex/beamer/beamerbasetitle.sty
Package: beamerbasetitle 2010/09/21  (rcs-revision f0446ed0b6ae)
)
(/usr/share/texlive/texmf-dist/tex/latex/beamer/beamerbasesection.sty
Package: beamerbasesection 2013/06/07  (rcs-revision 60b9fe0f342f)
\c@lecture=\count128
\c@part=\count129
\c@section=\count130
\c@subsection=\count131
\c@subsubsection=\count132
)
(/usr/share/texlive/texmf-dist/tex/latex/beamer/beamerbaseframe.sty
Package: beamerbaseframe 2014/02/20  (rcs-revision 4b8ceeeff434)
\beamer@framebox=\box40
\beamer@frametitlebox=\box41
\beamer@zoombox=\box42
\beamer@zoomcount=\count133
\beamer@zoomframecount=\count134
\beamer@frametextheight=\dimen168
\c@subsectionslide=\count135
\beamer@frametopskip=\skip45
\beamer@framebottomskip=\skip46
\beamer@frametopskipautobreak=\skip47
\beamer@framebottomskipautobreak=\skip48
\beamer@envbody=\toks27
\framewidth=\dimen169
\c@framenumber=\count136
)
(/usr/share/texlive/texmf-dist/tex/latex/beamer/beamerbaseverbatim.sty
Package: beamerbaseverbatim 2015/01/05  (rcs-revision 431510bb5890)
\beamer@verbatimfileout=\write4
)
(/usr/share/texlive/texmf-dist/tex/latex/beamer/beamerbaseframesize.sty
Package: beamerbaseframesize 2011/09/12  (rcs-revision 70f9d8411e54)
\beamer@splitbox=\box43
\beamer@autobreakcount=\count137
\beamer@autobreaklastheight=\dimen170
\beamer@frametitletoks=\toks28
\beamer@framesubtitletoks=\toks29
)
(/usr/share/texlive/texmf-dist/tex/latex/beamer/beamerbaseframecomponents.sty
Package: beamerbaseframecomponents 2013/10/18  (rcs-revision 5cf6c5555a45)
\beamer@footins=\box44
)
(/usr/share/texlive/texmf-dist/tex/latex/beamer/beamerbasecolor.sty
Package: beamerbasecolor 2015/02/21  (rcs-revision d944b04ee2d5)
)
(/usr/share/texlive/texmf-dist/tex/latex/beamer/beamerbasenotes.sty
Package: beamerbasenotes 2012/12/19  (rcs-revision 1686da3db3c9)
\beamer@frameboxcopy=\box45
)
(/usr/share/texlive/texmf-dist/tex/latex/beamer/beamerbasetoc.sty
Package: beamerbasetoc 2015/03/08  (rcs-revision 7270298bbaae)
)
(/usr/share/texlive/texmf-dist/tex/latex/beamer/beamerbasetemplates.sty
Package: beamerbasetemplates 2010/05/01  (rcs-revision efa082c6111d)
\beamer@sbttoks=\toks30

(/usr/share/texlive/texmf-dist/tex/latex/beamer/beamerbaseauxtemplates.sty
Package: beamerbaseauxtemplates 2014/06/30  (rcs-revision 580088513a67)

(/usr/share/texlive/texmf-dist/tex/latex/beamer/beamerbaseboxes.sty
Package: beamerbaseboxes 2012/05/13  (rcs-revision 56972908a390)
\bmb@box=\box46
\bmb@colorbox=\box47
\bmb@boxshadow=\box48
\bmb@boxshadowball=\box49
\bmb@boxshadowballlarge=\box50
\bmb@temp=\dimen171
\bmb@dima=\dimen172
\bmb@dimb=\dimen173
\bmb@prevheight=\dimen174
)
\beamer@blockheadheight=\dimen175
))
(/usr/share/texlive/texmf-dist/tex/latex/beamer/beamerbaselocalstructure.sty
Package: beamerbaselocalstructure 2014/09/10  (rcs-revision 393f6dcff371)

(/usr/share/texlive/texmf-dist/tex/latex/tools/enumerate.sty
Package: enumerate 2015/07/23 v3.00 enumerate extensions (DPC)
\@enLab=\toks31
)
\c@figure=\count138
\c@table=\count139
\abovecaptionskip=\skip49
\belowcaptionskip=\skip50
)
(/usr/share/texlive/texmf-dist/tex/latex/beamer/beamerbasenavigation.sty
Package: beamerbasenavigation 2015/02/27  (rcs-revision 923f4bf87efa)
\beamer@section@min@dim=\dimen176
)
(/usr/share/texlive/texmf-dist/tex/latex/beamer/beamerbasetheorems.sty
Package: beamerbasetheorems 2010/06/06  (rcs-revision 7e7cc5e53e9d)

(/usr/share/texlive/texmf-dist/tex/latex/amsmath/amsmath.sty
Package: amsmath 2016/03/03 v2.15a AMS math features
\@mathmargin=\skip51

For additional information on amsmath, use the `?' option.
(/usr/share/texlive/texmf-dist/tex/latex/amsmath/amstext.sty
Package: amstext 2000/06/29 v2.01 AMS text

(/usr/share/texlive/texmf-dist/tex/latex/amsmath/amsgen.sty
File: amsgen.sty 1999/11/30 v2.0 generic functions
\@emptytoks=\toks32
\ex@=\dimen177
))
(/usr/share/texlive/texmf-dist/tex/latex/amsmath/amsbsy.sty
Package: amsbsy 1999/11/29 v1.2d Bold Symbols
\pmbraise@=\dimen178
)
(/usr/share/texlive/texmf-dist/tex/latex/amsmath/amsopn.sty
Package: amsopn 1999/12/14 v2.01 operator names
)
\inf@bad=\count140
LaTeX Info: Redefining \frac on input line 199.
\uproot@=\count141
\leftroot@=\count142
LaTeX Info: Redefining \overline on input line 297.
\classnum@=\count143
\DOTSCASE@=\count144
LaTeX Info: Redefining \ldots on input line 394.
LaTeX Info: Redefining \dots on input line 397.
LaTeX Info: Redefining \cdots on input line 518.
\Mathstrutbox@=\box51
\strutbox@=\box52
\big@size=\dimen179
LaTeX Font Info:    Redeclaring font encoding OML on input line 630.
LaTeX Font Info:    Redeclaring font encoding OMS on input line 631.
\macc@depth=\count145
\c@MaxMatrixCols=\count146
\dotsspace@=\muskip11
\c@parentequation=\count147
\dspbrk@lvl=\count148
\tag@help=\toks33
\row@=\count149
\column@=\count150
\maxfields@=\count151
\andhelp@=\toks34
\eqnshift@=\dimen180
\alignsep@=\dimen181
\tagshift@=\dimen182
\tagwidth@=\dimen183
\totwidth@=\dimen184
\lineht@=\dimen185
\@envbody=\toks35
\multlinegap=\skip52
\multlinetaggap=\skip53
\mathdisplay@stack=\toks36
LaTeX Info: Redefining \[ on input line 2735.
LaTeX Info: Redefining \] on input line 2736.
)
(/usr/share/texlive/texmf-dist/tex/latex/amscls/amsthm.sty
Package: amsthm 2015/03/04 v2.20.2
\thm@style=\toks37
\thm@bodyfont=\toks38
\thm@headfont=\toks39
\thm@notefont=\toks40
\thm@headpunct=\toks41
\thm@preskip=\skip54
\thm@postskip=\skip55
\thm@headsep=\skip56
\dth@everypar=\toks42
)
\c@theorem=\count152
)
(/usr/share/texlive/texmf-dist/tex/latex/beamer/beamerbasethemes.sty
Package: beamerbasethemes 2010/05/01  (rcs-revision efa082c6111d)
))
(/usr/share/texlive/texmf-dist/tex/latex/beamer/themes/theme/beamerthemedefault
.sty
Package: beamerthemedefault 2010/06/17  (rcs-revision d02a7cf4d8ae)

(/usr/share/texlive/texmf-dist/tex/latex/beamer/themes/font/beamerfontthemedefa
ult.sty
Package: beamerfontthemedefault 2012/12/19  (rcs-revision 1686da3db3c9)
)
(/usr/share/texlive/texmf-dist/tex/latex/beamer/themes/color/beamercolorthemede
fault.sty
Package: beamercolorthemedefault 2012/12/19  (rcs-revision 1686da3db3c9)
)
(/usr/share/texlive/texmf-dist/tex/latex/beamer/themes/inner/beamerinnerthemede
fault.sty
Package: beamerinnerthemedefault 2014/06/30  (rcs-revision 580088513a67)
\beamer@dima=\dimen186
\beamer@dimb=\dimen187
)
(/usr/share/texlive/texmf-dist/tex/latex/beamer/themes/outer/beamerouterthemede
fault.sty
Package: beamerouterthemedefault 2012/12/19  (rcs-revision 1686da3db3c9)
))) (/usr/share/texlive/texmf-dist/tex/generic/babel/babel.sty
Package: babel 2016/02/24 3.9q The Babel package

(/usr/share/texlive/texmf-dist/tex/generic/babel-english/english.ldf
Language: english 2012/08/20 v3.3p English support from the babel system

(/usr/share/texlive/texmf-dist/tex/generic/babel/babel.def
File: babel.def 2016/02/24 3.9q Babel common definitions
\babel@savecnt=\count153
\U@D=\dimen188
LaTeX Info: Redefining \textlatin on input line 1448.
)
\l@canadian = a dialect from \language\l@american 
\l@australian = a dialect from \language\l@british 
\l@newzealand = a dialect from \language\l@british 
))
(/usr/share/texlive/texmf-dist/tex/latex/base/inputenc.sty
Package: inputenc 2015/03/17 v1.2c Input encoding file
\inpenc@prehook=\toks43
\inpenc@posthook=\toks44

(/usr/share/texlive/texmf-dist/tex/latex/base/latin1.def
File: latin1.def 2015/03/17 v1.2c Input encoding file
))
(/usr/share/texlive/texmf-dist/tex/latex/fancybox/fancybox.sty
Package: fancybox 2010/05/15 1.4

Style option: `fancybox' v1.4 <2010/05/15> (tvz)
\@fancybox=\box53
\shadowsize=\dimen189
\@Sbox=\box54
\do@VerbBox=\toks45
\the@fancyput=\toks46
\this@fancyput=\toks47
\EndVerbatimTokens=\toks48
\Verbatim@Outfile=\write5
\Verbatim@Infile=\read2
) (/usr/share/texlive/texmf-dist/tex/latex/base/fontenc.sty
Package: fontenc 2005/09/27 v1.99g Standard LaTeX package

(/usr/share/texlive/texmf-dist/tex/latex/base/t1enc.def
File: t1enc.def 2005/09/27 v1.99g Standard LaTeX file
LaTeX Font Info:    Redeclaring font encoding T1 on input line 48.
))
(/usr/share/texlive/texmf-dist/tex/latex/fontawesome/fontawesome.sty
Package: fontawesome 2015/07/30 v4.4.0 font awesome icons

(/usr/share/texlive/texmf-dist/tex/latex/fontawesome/fontawesomesymbols-generic
.tex)
(/usr/share/texlive/texmf-dist/tex/latex/fontawesome/fontawesomesymbols-pdftex.
tex)) (/usr/share/texlive/texmf-dist/tex/latex/soul/soul.sty
Package: soul 2003/11/17 v2.4 letterspacing/underlining (mf)
\SOUL@word=\toks49
\SOUL@lasttoken=\toks50
\SOUL@cmds=\toks51
\SOUL@buffer=\toks52
\SOUL@token=\toks53
\SOUL@spaceskip=\skip57
\SOUL@ttwidth=\dimen190
\SOUL@uldp=\dimen191
\SOUL@ulht=\dimen192
)
(/usr/share/texlive/texmf-dist/tex/latex/beamer/themes/font/beamerfontthemeprof
essionalfonts.sty
Package: beamerfontthemeprofessionalfonts 2010/06/17  (rcs-revision d02a7cf4d8a
e)
)
(/usr/share/texlive/texmf-dist/tex/latex/beamer/themes/font/beamerfontthemeseri
f.sty
Package: beamerfontthemeserif 2010/06/17  (rcs-revision d02a7cf4d8ae)
) (/usr/share/texlive/texmf-dist/tex/latex/psnfss/times.sty
Package: times 2005/04/12 PSNFSS-v9.2a (SPQR) 
)
(/usr/share/texlive/texmf-dist/tex/latex/setspace/setspace.sty
Package: setspace 2011/12/19 v6.7a set line spacing
)
(/usr/share/texlive/texmf-dist/tex/latex/media9/media9.sty
(/usr/share/texlive/texmf-dist/tex/latex/l3kernel/expl3.sty
Package: expl3 2016/01/19 v6377 L3 programming layer (loader) 

(/usr/share/texlive/texmf-dist/tex/latex/l3kernel/expl3-code.tex
Package: expl3 2016/01/19 v6377 L3 programming layer (code)
L3 Module: l3bootstrap 2016/01/01 v6339 L3 Bootstrap code
L3 Module: l3names 2015/12/21 v6328 L3 Namespace for primitives
L3 Module: l3basics 2015/11/22 v6315 L3 Basic definitions
L3 Module: l3expan 2015/09/10 v5983 L3 Argument expansion
L3 Module: l3tl 2015/09/29 v6121 L3 Token lists
L3 Module: l3str 2016/01/03 v6357 L3 Strings
L3 Module: l3seq 2015/08/05 v5777 L3 Sequences and stacks
L3 Module: l3int 2016/01/05 v6366 L3 Integers
\c_max_int=\count154
\l_tmpa_int=\count155
\l_tmpb_int=\count156
\g_tmpa_int=\count157
\g_tmpb_int=\count158
L3 Module: l3quark 2015/08/17 v5855 L3 Quarks
L3 Module: l3prg 2015/11/01 v6216 L3 Control structures
\g__prg_map_int=\count159
L3 Module: l3clist 2015/09/02 v5901 L3 Comma separated lists
L3 Module: l3token 2015/11/11 v6249 L3 Experimental token manipulation
L3 Module: l3prop 2016/01/05 v6366 L3 Property lists
L3 Module: l3msg 2015/09/28 v6113 L3 Messages
L3 Module: l3file 2015/12/03 v6317 L3 File and I/O operations
\l_iow_line_count_int=\count160
\l__iow_target_count_int=\count161
\l__iow_current_line_int=\count162
\l__iow_current_word_int=\count163
\l__iow_current_indentation_int=\count164
L3 Module: l3skip 2016/01/05 v6366 L3 Dimensions and skips
\c_zero_dim=\dimen193
\c_max_dim=\dimen194
\l_tmpa_dim=\dimen195
\l_tmpb_dim=\dimen196
\g_tmpa_dim=\dimen197
\g_tmpb_dim=\dimen198
\c_zero_skip=\skip58
\c_max_skip=\skip59
\l_tmpa_skip=\skip60
\l_tmpb_skip=\skip61
\g_tmpa_skip=\skip62
\g_tmpb_skip=\skip63
\c_zero_muskip=\muskip12
\c_max_muskip=\muskip13
\l_tmpa_muskip=\muskip14
\l_tmpb_muskip=\muskip15
\g_tmpa_muskip=\muskip16
\g_tmpb_muskip=\muskip17
L3 Module: l3keys 2015/11/17 v6284 L3 Key-value interfaces
\g__keyval_level_int=\count165
\l_keys_choice_int=\count166
L3 Module: l3fp 2015/08/25 v5890 L3 Floating points
\c__fp_leading_shift_int=\count167
\c__fp_middle_shift_int=\count168
\c__fp_trailing_shift_int=\count169
\c__fp_big_leading_shift_int=\count170
\c__fp_big_middle_shift_int=\count171
\c__fp_big_trailing_shift_int=\count172
\c__fp_Bigg_leading_shift_int=\count173
\c__fp_Bigg_middle_shift_int=\count174
\c__fp_Bigg_trailing_shift_int=\count175
L3 Module: l3box 2015/08/09 v5822 L3 Experimental boxes
\c_empty_box=\box55
\l_tmpa_box=\box56
\l_tmpb_box=\box57
\g_tmpa_box=\box58
\g_tmpb_box=\box59
L3 Module: l3coffins 2015/08/06 v5789 L3 Coffin code layer
\l__coffin_internal_box=\box60
\l__coffin_internal_dim=\dimen199
\l__coffin_offset_x_dim=\dimen256
\l__coffin_offset_y_dim=\dimen257
\l__coffin_x_dim=\dimen258
\l__coffin_y_dim=\dimen259
\l__coffin_x_prime_dim=\dimen260
\l__coffin_y_prime_dim=\dimen261
\c_empty_coffin=\box61
\l__coffin_aligned_coffin=\box62
\l__coffin_aligned_internal_coffin=\box63
\l_tmpa_coffin=\box64
\l_tmpb_coffin=\box65
\l__coffin_display_coffin=\box66
\l__coffin_display_coord_coffin=\box67
\l__coffin_display_pole_coffin=\box68
\l__coffin_display_offset_dim=\dimen262
\l__coffin_display_x_dim=\dimen263
\l__coffin_display_y_dim=\dimen264
L3 Module: l3color 2014/08/23 v5354 L3 Experimental color support
L3 Module: l3sys 2015/09/25 v6087 L3 Experimental system/runtime functions
L3 Module: l3candidates 2016/01/14 v6376 L3 Experimental additions to l3kernel
\l__box_top_dim=\dimen265
\l__box_bottom_dim=\dimen266
\l__box_left_dim=\dimen267
\l__box_right_dim=\dimen268
\l__box_top_new_dim=\dimen269
\l__box_bottom_new_dim=\dimen270
\l__box_left_new_dim=\dimen271
\l__box_right_new_dim=\dimen272
\l__box_internal_box=\box69
\l__coffin_bounding_shift_dim=\dimen273
\l__coffin_left_corner_dim=\dimen274
\l__coffin_right_corner_dim=\dimen275
\l__coffin_bottom_corner_dim=\dimen276
\l__coffin_top_corner_dim=\dimen277
\l__coffin_scaled_total_height_dim=\dimen278
\l__coffin_scaled_width_dim=\dimen279
L3 Module: l3luatex 2015/11/11 v6250 L3 Experimental LuaTeX-specific functions
)
(/usr/share/texlive/texmf-dist/tex/latex/l3kernel/l3pdfmode.def
File: l3pdfmode.def 2015/11/11 v6250 L3 Experimental driver: PDF mode
\l__driver_color_stack_int=\count176
))
(/usr/share/texlive/texmf-dist/tex/latex/l3experimental/l3str/l3regex.sty
Package: l3regex 2016/01/19 v6377 L3 Experimental regular expressions

(/usr/share/texlive/texmf-dist/tex/latex/l3experimental/l3str/l3tl-build.sty
Package: l3tl-build 2016/01/19 v6377 L3 Experimental token list construction
\l__tl_build_start_index_int=\count177
\l__tl_build_index_int=\count178
)
(/usr/share/texlive/texmf-dist/tex/latex/l3experimental/l3str/l3tl-analysis.sty
Package: l3tl-analysis 2015/11/09 v6244 L3 Experimental token lists analysis
\l__tl_analysis_normal_int=\count179
\l__tl_analysis_index_int=\count180
\l__tl_analysis_nesting_int=\count181
\l__tl_analysis_type_int=\count182
) (/usr/share/texlive/texmf-dist/tex/latex/l3experimental/l3str/l3flag.sty
Package: l3flag 2016/01/19 v6377 L3 Experimental flags
)
(/usr/share/texlive/texmf-dist/tex/latex/l3experimental/l3str/l3str-convert.sty
Package: l3str-convert 2015/09/26 v6106 L3 Experimental string encoding convers
ions
\l__str_internal_int=\count183
\c__str_replacement_char_int=\count184
)
\l__regex_internal_a_int=\count185
\l__regex_internal_b_int=\count186
\l__regex_internal_c_int=\count187
\l__regex_balance_int=\count188
\l__regex_group_level_int=\count189
\l__regex_mode_int=\count190
\l__regex_catcodes_int=\count191
\l__regex_default_catcodes_int=\count192
\c__regex_catcode_D_int=\count193
\c__regex_catcode_S_int=\count194
\c__regex_catcode_L_int=\count195
\c__regex_catcode_O_int=\count196
\c__regex_catcode_A_int=\count197
\c__regex_all_catcodes_int=\count198
\l__regex_show_lines_int=\count199
\l__regex_min_state_int=\count266
\l__regex_max_state_int=\count267
\l__regex_left_state_int=\count268
\l__regex_right_state_int=\count269
\l__regex_capturing_group_int=\count270
\l__regex_min_pos_int=\count271
\l__regex_max_pos_int=\count272
\l__regex_current_pos_int=\count273
\l__regex_start_pos_int=\count274
\l__regex_success_pos_int=\count275
\l__regex_current_char_int=\count276
\l__regex_current_catcode_int=\count277
\l__regex_last_char_int=\count278
\l__regex_case_changed_char_int=\count279
\l__regex_current_state_int=\count280
\l__regex_step_int=\count281
\l__regex_min_active_int=\count282
\l__regex_max_active_int=\count283
\l__regex_replacement_csnames_int=\count284
\l__regex_match_count_int=\count285
\l__regex_submatch_int=\count286
\l__regex_zeroth_submatch_int=\count287
) (/usr/share/texlive/texmf-dist/tex/latex/l3packages/l3keys2e/l3keys2e.sty
Package: l3keys2e 2016/01/19 v6377 LaTeX2e option processing using LaTeX3 keys
)
(/usr/share/texlive/texmf-dist/tex/latex/l3packages/xparse/xparse.sty
Package: xparse 2016/01/19 v6377 L3 Experimental document command parser
\l__xparse_current_arg_int=\count288
\l__xparse_m_args_int=\count289
\l__xparse_mandatory_args_int=\count290
\l__xparse_processor_int=\count291
\l__xparse_v_nesting_int=\count292
)
(/usr/share/texlive/texmf-dist/tex/latex/oberdiek/atenddvi.sty
Package: atenddvi 2007/04/17 v1.1 At end DVI hook (HO)

(/usr/share/texlive/texmf-dist/tex/latex/oberdiek/zref-abspage.sty
Package: zref-abspage 2012/04/04 v2.24 Module abspage for zref (HO)

(/usr/share/texlive/texmf-dist/tex/latex/oberdiek/zref-base.sty
Package: zref-base 2012/04/04 v2.24 Module base for zref (HO)
Package zref Info: New property list: main on input line 759.
Package zref Info: New property: default on input line 760.
Package zref Info: New property: page on input line 761.
)
\c@abspage=\count293
Package zref Info: New property: abspage on input line 62.
)
(/usr/share/texlive/texmf-dist/tex/latex/oberdiek/zref-lastpage.sty
Package: zref-lastpage 2012/04/04 v2.24 Module lastpage for zref (HO)
Package zref Info: New property list: LastPage on input line 55.
))
Package: media9 2016/03/11 v0.67 acrobat-9/X compatible media
\g_mix_pkgresizeflag_int=\count294

(/usr/share/texlive/texmf-dist/tex/latex/media9/pdfbase.sty
Package: pdfbase 2016/03/11 v0.7 driver independent access to low-level PDF fea
tures
\g_pbs_oc_int=\count295
)
(/usr/share/texlive/texmf-dist/tex/latex/ocgx2/ocgbase.sty
Package: ocgbase 2016/03/11 v0.6 support package for ocgx2.sty
)
\l_mix_poster_box=\box70
\g_mix_wd_dim=\dimen280
\g_mix_ht_dim=\dimen281
\g_mix_dp_dim=\dimen282
\g_mix_rmcnt_int=\count296
\l_mix_viewcnt_int=\count297
\g@mix@page@int=\count298
\g_mix_resizeflag_int=\count299
\l_mix_lineno_int=\count300
.................................................
. LaTeX info: "xparse/define-command"
. 
. Defining command \addmediapath with sig. 'm' on line 818.
.................................................
\l_mix_pbtn_box=\box71
\mix@btn@dim=\dimen283
.................................................
. LaTeX info: "xparse/define-command"
. 
. Defining command \includemedia with sig. 'O{}mm' on line 1210.
.................................................
\g_mix_mbtncnt_int=\count301
.................................................
. LaTeX info: "xparse/define-command"
. 
. Defining command \mediabutton with sig. 'O{}m' on line 2416.
.................................................
)
(/usr/share/texlive/texmf-dist/tex/latex/animate/animate.sty
Package: animate 2016/03/15 PDF animations from files and inline graphics

(/usr/share/texlive/texmf-dist/tex/latex/base/ifthen.sty
Package: ifthen 2014/09/29 v1.1c Standard LaTeX ifthen package (DPC)
)
(/usr/share/texlive/texmf-dist/tex/latex/oberdiek/ifdraft.sty
Package: ifdraft 2008/08/11 v1.3 Detect class options draft and final (HO)
)
(/usr/share/texlive/texmf-dist/tex/latex/tools/calc.sty
Package: calc 2014/10/28 v4.3 Infix arithmetic (KKT,FJ)
\calc@Acount=\count302
\calc@Bcount=\count303
\calc@Adimen=\dimen284
\calc@Bdimen=\dimen285
\calc@Askip=\skip64
\calc@Bskip=\skip65
LaTeX Info: Redefining \setlength on input line 80.
LaTeX Info: Redefining \addtolength on input line 81.
\calc@Ccount=\count304
\calc@Cskip=\skip66
)
(/usr/share/texlive/texmf-dist/tex/latex/animate/animfp.sty
Package: animfp 2009/07/23 fixed point addition for animate.sty
\afp@xs=\count305
\afp@xia=\count306
\afp@xib=\count307
\afp@xfa=\count308
\afp@xfb=\count309
\afp@rega=\count310
\afp@regb=\count311
\afp@regs=\count312
)
(/usr/share/texlive/texmf-dist/tex/context/base/supp-pdf.mkii
[Loading MPS to PDF converter (version 2006.09.02).]
\scratchcounter=\count313
\scratchdimen=\dimen286
\scratchbox=\box72
\nofMPsegments=\count314
\nofMParguments=\count315
\everyMPshowfont=\toks54
\MPscratchCnt=\count316
\MPscratchDim=\dimen287
\MPnumerator=\count317
\makeMPintoPDFobject=\count318
\everyMPtoPDFconversion=\toks55
)
\@anim@box=\box73
\@anim@measbox=\box74
\@anim@tmpdima=\dimen288
\@anim@tmpdimb=\dimen289
\@anim@num=\count319
\@anim@curframe=\count320
\@anim@curframe@zb=\count321
\@anim@resizeflags=\count322
\@anim@skipfram=\count323
\@anim@mulframecnt=\count324
\@anim@@tmlnfile=\read3
\@anim@tmpcnt=\count325
\c@@anim@ltxcnt=\count326
\@anim@curlayer=\count327
\@anim@lineno=\count328
\@anim@curfield=\count329
\@anim@@resizeflags=\count330
) (/usr/share/texlive/texmf-dist/tex/latex/tools/verbatim.sty
Package: verbatim 2014/10/28 v1.5q LaTeX2e package for verbatim enhancements
\every@verbatim=\toks56
\verbatim@line=\toks57
\verbatim@in@stream=\read4
)
(/usr/share/texlive/texmf-dist/tex/latex/fancyvrb/fancyvrb.sty
Package: fancyvrb 2008/02/07

Style option: `fancyvrb' v2.7a, with DG/SPQR fixes, and firstline=lastline fix 
<2008/02/07> (tvz)
\FV@CodeLineNo=\count331
\FV@InFile=\read5
\FV@TabBox=\box75
\c@FancyVerbLine=\count332
\FV@StepNumber=\count333
\FV@OutFile=\write6
)
(/usr/share/texlive/texmf-dist/tex/latex/listings/listings.sty
\lst@mode=\count334
\lst@gtempboxa=\box76
\lst@token=\toks58
\lst@length=\count335
\lst@currlwidth=\dimen290
\lst@column=\count336
\lst@pos=\count337
\lst@lostspace=\dimen291
\lst@width=\dimen292
\lst@newlines=\count338
\lst@lineno=\count339
\lst@maxwidth=\dimen293

(/usr/share/texlive/texmf-dist/tex/latex/listings/lstmisc.sty
File: lstmisc.sty 2015/06/04 1.6 (Carsten Heinz)
\c@lstnumber=\count340
\lst@skipnumbers=\count341
\lst@framebox=\box77
)
(/usr/share/texlive/texmf-dist/tex/latex/listings/listings.cfg
File: listings.cfg 2015/06/04 1.6 listings configuration
))
Package: listings 2015/06/04 1.6 (Carsten Heinz)

(/usr/share/texlive/texmf-dist/tex/latex/pdfpages/pdfpages.sty
Package: pdfpages 2015/09/18 v0.5d Insert pages of external PDF documents (AM)

(/usr/share/texlive/texmf-dist/tex/latex/eso-pic/eso-pic.sty
Package: eso-pic 2015/07/21 v2.0g eso-pic (RN)
)
\AM@pagewidth=\dimen294
\AM@pageheight=\dimen295

(/usr/share/texlive/texmf-dist/tex/latex/pdfpages/pppdftex.def
File: pppdftex.def 2015/09/18 v0.5d Pdfpages driver for pdfTeX (AM)
)
\AM@pagebox=\box78
\AM@toc@title=\toks59
\c@AM@survey=\count342
\AM@templatesizebox=\box79
)
(/usr/share/texlive/texmf-dist/tex/latex/tcolorbox/tcolorbox.sty
Package: tcolorbox 2016/02/29 version 3.90 text color boxes

(/usr/share/texlive/texmf-dist/tex/latex/pgf/basiclayer/pgf.sty
Package: pgf 2015/08/07 v3.0.1a (rcs-revision 1.15)

(/usr/share/texlive/texmf-dist/tex/generic/pgf/modules/pgfmoduleshapes.code.tex
File: pgfmoduleshapes.code.tex 2014/03/21  (rcs-revision 1.35)
\pgfnodeparttextbox=\box80
) (/usr/share/texlive/texmf-dist/tex/generic/pgf/modules/pgfmoduleplot.code.tex
File: pgfmoduleplot.code.tex 2015/08/03  (rcs-revision 1.13)
)
(/usr/share/texlive/texmf-dist/tex/latex/pgf/compatibility/pgfcomp-version-0-65
.sty
Package: pgfcomp-version-0-65 2007/07/03 v3.0.1a (rcs-revision 1.7)
\pgf@nodesepstart=\dimen296
\pgf@nodesepend=\dimen297
)
(/usr/share/texlive/texmf-dist/tex/latex/pgf/compatibility/pgfcomp-version-1-18
.sty
Package: pgfcomp-version-1-18 2007/07/23 v3.0.1a (rcs-revision 1.1)
)) (/usr/share/texlive/texmf-dist/tex/latex/environ/environ.sty
Package: environ 2014/05/04 v0.3 A new way to define environments

(/usr/share/texlive/texmf-dist/tex/latex/trimspaces/trimspaces.sty
Package: trimspaces 2009/09/17 v1.1 Trim spaces around a token list
))
(/usr/share/texlive/texmf-dist/tex/latex/etoolbox/etoolbox.sty
Package: etoolbox 2015/08/02 v2.2a e-TeX tools for LaTeX (JAW)
\etb@tempcnta=\count343
)
\tcb@titlebox=\box81
\tcb@upperbox=\box82
\tcb@lowerbox=\box83
\tcb@phantombox=\box84
\c@tcbbreakpart=\count344
\c@tcblayer=\count345
\tcolorbox@number=\count346
\tcb@temp=\box85
\tcb@temp=\box86
\tcb@temp=\box87
\tcb@temp=\box88
\tcb@out=\write7
\tcb@record@out=\write8

(/usr/share/texlive/texmf-dist/tex/latex/tcolorbox/tcbskins.code.tex
Library (tcolorbox): 'tcbskins.code.tex' version '3.90'
(/usr/share/texlive/texmf-dist/tex/latex/pgf/frontendlayer/tikz.sty
(/usr/share/texlive/texmf-dist/tex/latex/pgf/utilities/pgffor.sty
(/usr/share/texlive/texmf-dist/tex/latex/pgf/utilities/pgfkeys.sty
(/usr/share/texlive/texmf-dist/tex/generic/pgf/utilities/pgfkeys.code.tex))
(/usr/share/texlive/texmf-dist/tex/latex/pgf/math/pgfmath.sty
(/usr/share/texlive/texmf-dist/tex/generic/pgf/math/pgfmath.code.tex))
(/usr/share/texlive/texmf-dist/tex/generic/pgf/utilities/pgffor.code.tex
Package: pgffor 2013/12/13 v3.0.1a (rcs-revision 1.25)

(/usr/share/texlive/texmf-dist/tex/generic/pgf/math/pgfmath.code.tex)
\pgffor@iter=\dimen298
\pgffor@skip=\dimen299
\pgffor@stack=\toks60
\pgffor@toks=\toks61
))
(/usr/share/texlive/texmf-dist/tex/generic/pgf/frontendlayer/tikz/tikz.code.tex
Package: tikz 2015/08/07 v3.0.1a (rcs-revision 1.151)

(/usr/share/texlive/texmf-dist/tex/generic/pgf/libraries/pgflibraryplothandlers
.code.tex
File: pgflibraryplothandlers.code.tex 2013/08/31 v3.0.1a (rcs-revision 1.20)
\pgf@plot@mark@count=\count347
\pgfplotmarksize=\dimen300
)
\tikz@lastx=\dimen301
\tikz@lasty=\dimen302
\tikz@lastxsaved=\dimen303
\tikz@lastysaved=\dimen304
\tikzleveldistance=\dimen305
\tikzsiblingdistance=\dimen306
\tikz@figbox=\box89
\tikz@figbox@bg=\box90
\tikz@tempbox=\box91
\tikz@tempbox@bg=\box92
\tikztreelevel=\count348
\tikznumberofchildren=\count349
\tikznumberofcurrentchild=\count350
\tikz@fig@count=\count351

(/usr/share/texlive/texmf-dist/tex/generic/pgf/modules/pgfmodulematrix.code.tex
File: pgfmodulematrix.code.tex 2013/09/17  (rcs-revision 1.8)
\pgfmatrixcurrentrow=\count352
\pgfmatrixcurrentcolumn=\count353
\pgf@matrix@numberofcolumns=\count354
)
\tikz@expandcount=\count355

(/usr/share/texlive/texmf-dist/tex/generic/pgf/frontendlayer/tikz/libraries/tik
zlibrarytopaths.code.tex
File: tikzlibrarytopaths.code.tex 2008/06/17 v3.0.1a (rcs-revision 1.2)
)))
\tcb@waterbox=\box93

(/usr/share/texlive/texmf-dist/tex/latex/tcolorbox/tcbskinsjigsaw.code.tex
Library (tcolorbox): 'tcbskinsjigsaw.code.tex' version '3.90'
))) (/usr/share/texlive/texmf-dist/tex/latex/overpic/overpic.sty
Package: overpic 2010/09/13 v0.53  Overwriting graphics

Package: overpic v0.53 <2010/09/13> (RN)
(/usr/share/texlive/texmf-dist/tex/latex/eepic/epic.sty
Enhancements to Picture Environment. Version 1.2 - Released June 1, 1986
\@@multicnt=\count356
\d@lta=\count357
\@delta=\dimen307
\@@delta=\dimen308
\@gridcnt=\count358
\@joinkind=\count359
\@dotgap=\dimen309
\@ddotgap=\dimen310
\@x@diff=\count360
\@y@diff=\count361
\x@diff=\dimen311
\y@diff=\dimen312
\@dotbox=\box94
\num@segments=\count362
\num@segmentsi=\count363
\@datafile=\read6
)
overpic: relative positioning in percent
)

Package hyperref Warning: Token not allowed in a PDF string (PDFDocEncoding):
(hyperref)                removing `\\' on input line 93.


Package hyperref Warning: Token not allowed in a PDF string (PDFDocEncoding):
(hyperref)                removing `\\' on input line 93.


Package hyperref Warning: Token not allowed in a PDF string (PDFDocEncoding):
(hyperref)                removing `\\' on input line 93.


Package hyperref Warning: Token not allowed in a PDF string (PDFDocEncoding):
(hyperref)                removing `\\' on input line 93.


Package hyperref Warning: Token not allowed in a PDF string (PDFDocEncoding):
(hyperref)                removing `\\' on input line 93.


Package hyperref Warning: Token not allowed in a PDF string (PDFDocEncoding):
(hyperref)                removing `\\' on input line 93.


Package hyperref Warning: Token not allowed in a PDF string (PDFDocEncoding):
(hyperref)                removing `\\' on input line 93.


Package hyperref Warning: Token not allowed in a PDF string (PDFDocEncoding):
(hyperref)                removing `\\' on input line 93.

(./MAIN.aux (./INTRO.aux) (./PROGRAMMING.aux) (./PLOTS.aux)
(./WORKSTRUCTURE.aux))
\openout1 = `MAIN.aux'.

LaTeX Font Info:    Checking defaults for OML/cmm/m/it on input line 153.
LaTeX Font Info:    ... okay on input line 153.
LaTeX Font Info:    Checking defaults for T1/cmr/m/n on input line 153.
LaTeX Font Info:    ... okay on input line 153.
LaTeX Font Info:    Checking defaults for OT1/cmr/m/n on input line 153.
LaTeX Font Info:    ... okay on input line 153.
LaTeX Font Info:    Checking defaults for OMS/cmsy/m/n on input line 153.
LaTeX Font Info:    ... okay on input line 153.
LaTeX Font Info:    Checking defaults for OMX/cmex/m/n on input line 153.
LaTeX Font Info:    ... okay on input line 153.
LaTeX Font Info:    Checking defaults for U/cmr/m/n on input line 153.
LaTeX Font Info:    ... okay on input line 153.
LaTeX Font Info:    Checking defaults for PD1/pdf/m/n on input line 153.
LaTeX Font Info:    ... okay on input line 153.
LaTeX Font Info:    Try loading font information for T1+ptm on input line 153.
 (/usr/share/texlive/texmf-dist/tex/latex/psnfss/t1ptm.fd
File: t1ptm.fd 2001/06/04 font definitions for T1/ptm.
)
*geometry* driver: auto-detecting
*geometry* detected driver: pdftex
*geometry* verbose mode - [ preamble ] result:
* driver: pdftex
* paper: custom
* layout: <same size as paper>
* layoutoffset:(h,v)=(0.0pt,0.0pt)
* modes: includehead includefoot 
* h-part:(L,W,R)=(28.45274pt, 307.28987pt, 28.45274pt)
* v-part:(T,H,B)=(0.0pt, 273.14662pt, 0.0pt)
* \paperwidth=364.19536pt
* \paperheight=273.14662pt
* \textwidth=307.28987pt
* \textheight=244.6939pt
* \oddsidemargin=-43.81725pt
* \evensidemargin=-43.81725pt
* \topmargin=-72.26999pt
* \headheight=14.22636pt
* \headsep=0.0pt
* \topskip=9.0pt
* \footskip=14.22636pt
* \marginparwidth=4.0pt
* \marginparsep=10.0pt
* \columnsep=10.0pt
* \skip\footins=7.0pt plus 4.0pt minus 2.0pt
* \hoffset=0.0pt
* \voffset=0.0pt
* \mag=1000
* \@twocolumnfalse
* \@twosidefalse
* \@mparswitchfalse
* \@reversemarginfalse
* (1in=72.27pt=25.4mm, 1cm=28.453pt)

(/usr/share/texlive/texmf-dist/tex/latex/oberdiek/epstopdf-base.sty
Package: epstopdf-base 2010/02/09 v2.5 Base part for package epstopdf

(/usr/share/texlive/texmf-dist/tex/latex/oberdiek/grfext.sty
Package: grfext 2010/08/19 v1.1 Manage graphics extensions (HO)
)
Package grfext Info: Graphics extension search list:
(grfext)             [.png,.pdf,.jpg,.mps,.jpeg,.jbig2,.jb2,.PNG,.PDF,.JPG,.JPE
G,.JBIG2,.JB2,.eps]
(grfext)             \AppendGraphicsExtensions on input line 452.

(/usr/share/texlive/texmf-dist/tex/latex/latexconfig/epstopdf-sys.cfg
File: epstopdf-sys.cfg 2010/07/13 v1.3 Configuration of (r)epstopdf for TeX Liv
e
))
ABD: EveryShipout initializing macros
\AtBeginShipoutBox=\box95
Package hyperref Info: Link coloring OFF on input line 153.

(/usr/share/texlive/texmf-dist/tex/latex/hyperref/nameref.sty
Package: nameref 2012/10/27 v2.43 Cross-referencing by name of section

(/usr/share/texlive/texmf-dist/tex/generic/oberdiek/gettitlestring.sty
Package: gettitlestring 2010/12/03 v1.4 Cleanup title references (HO)
)
\c@section@level=\count364
)
LaTeX Info: Redefining \ref on input line 153.
LaTeX Info: Redefining \pageref on input line 153.
LaTeX Info: Redefining \nameref on input line 153.

(./MAIN.out) (./MAIN.out)
\@outlinefile=\write9
\openout9 = `MAIN.out'.


(/usr/share/texlive/texmf-dist/tex/latex/beamer/translator/dicts/translator-bas
ic-dictionary/translator-basic-dictionary-English.dict
Dictionary: translator-basic-dictionary, Language: English 
)
(/usr/share/texlive/texmf-dist/tex/latex/beamer/translator/dicts/translator-bib
liography-dictionary/translator-bibliography-dictionary-English.dict
Dictionary: translator-bibliography-dictionary, Language: English 
)
(/usr/share/texlive/texmf-dist/tex/latex/beamer/translator/dicts/translator-env
ironment-dictionary/translator-environment-dictionary-English.dict
Dictionary: translator-environment-dictionary, Language: English 
)
(/usr/share/texlive/texmf-dist/tex/latex/beamer/translator/dicts/translator-mon
ths-dictionary/translator-months-dictionary-English.dict
Dictionary: translator-months-dictionary, Language: English 
)
(/usr/share/texlive/texmf-dist/tex/latex/beamer/translator/dicts/translator-num
bers-dictionary/translator-numbers-dictionary-English.dict
Dictionary: translator-numbers-dictionary, Language: English 
)
(/usr/share/texlive/texmf-dist/tex/latex/beamer/translator/dicts/translator-the
orem-dictionary/translator-theorem-dictionary-English.dict
Dictionary: translator-theorem-dictionary, Language: English 
)
LaTeX Info: Redefining \includegraphics on input line 153.
\c@lstlisting=\count365

(/usr/share/texlive/texmf-dist/tex/latex/oberdiek/pdflscape.sty
Package: pdflscape 2008/08/11 v0.10 Display of landscape pages in PDF (HO)

(/usr/share/texlive/texmf-dist/tex/latex/graphics/lscape.sty
Package: lscape 2000/10/22 v3.01 Landscape Pages (DPC)
)
Package pdflscape Info: Auto-detected driver: pdftex on input line 80.
) (./MAIN.nav)
LaTeX Font Info:    Font shape `T1/ptm/bx/n' in size <5> not available
(Font)              Font shape `T1/ptm/b/n' tried instead on input line 153.
LaTeX Font Info:    Try loading font information for U+msa on input line 169.

(/usr/share/texlive/texmf-dist/tex/latex/amsfonts/umsa.fd
File: umsa.fd 2013/01/14 v3.01 AMS symbols A
)
LaTeX Font Info:    Try loading font information for U+msb on input line 169.

(/usr/share/texlive/texmf-dist/tex/latex/amsfonts/umsb.fd
File: umsb.fd 2013/01/14 v3.01 AMS symbols B
)
<./logos/ASP_Hub_COL_black.png, id=38, 557.4426pt x 156.1032pt>
File: ./logos/ASP_Hub_COL_black.png Graphic file (type png)

<use ./logos/ASP_Hub_COL_black.png>
Package pdftex.def Info: ./logos/ASP_Hub_COL_black.png used on input line 169.
(pdftex.def)             Requested size: 101.6027pt x 28.45274pt.

<./logos/VUW-logo-new.jpg, id=40, 401.5pt x 401.5pt>
File: ./logos/VUW-logo-new.jpg Graphic file (type jpg)

<use ./logos/VUW-logo-new.jpg>
Package pdftex.def Info: ./logos/VUW-logo-new.jpg used on input line 169.
(pdftex.def)             Requested size: 28.45094pt x 28.45274pt.

<./logos/mbie-logo.png, id=41, 664.4825pt x 194.7275pt>
File: ./logos/mbie-logo.png Graphic file (type png)

<use ./logos/mbie-logo.png>
Package pdftex.def Info: ./logos/mbie-logo.png used on input line 169.
(pdftex.def)             Requested size: 97.08258pt x 28.45274pt.

<./logos/GNS_logo.jpg, id=42, 819.06pt x 1373.13pt>
File: ./logos/GNS_logo.jpg Graphic file (type jpg)
 <use ./logos/GNS_logo.jpg>
Package pdftex.def Info: ./logos/GNS_logo.jpg used on input line 169.
(pdftex.def)             Requested size: 16.95955pt x 28.45274pt.

<./logos/niwa-logo.png, id=43, 48.26044pt x 17.61505pt>
File: ./logos/niwa-logo.png Graphic file (type png)

<use ./logos/niwa-logo.png>
Package pdftex.def Info: ./logos/niwa-logo.png used on input line 169.
(pdftex.def)             Requested size: 77.95981pt x 28.45274pt.

Overfull \hbox (24.13943pt too wide) in paragraph at lines 169--169
 []|  []|  []|  []|  []|  [] 
 []


Overfull \vbox (27.78297pt too high) has occurred while \output is active []


<./images/antarctic_4_tw.jpg, id=44, 1806.75pt x 1201.48875pt>
File: ./images/antarctic_4_tw.jpg Graphic file (type jpg)

<use ./images/antarctic_4_tw.jpg>
Package pdftex.def Info: ./images/antarctic_4_tw.jpg used on input line 169.
(pdftex.def)             Requested size: 364.18318pt x 273.14662pt.
 [1

{/var/lib/texmf/fonts/map/pdftex/updmap/pdftex.map} <./images/antarctic_4_tw.jp
g> <./logos/ASP_Hub_COL_black.png> <./logos/VUW-logo-new.jpg> <./logos/mbie-log
o.png> <./logos/GNS_logo.jpg> <./logos/niwa-logo.png>]
\openout2 = `INTRO.aux'.

 (./INTRO.tex
LaTeX Font Info:    Font shape `T1/ptm/bx/n' in size <8> not available
(Font)              Font shape `T1/ptm/b/n' tried instead on input line 25.

Overfull \hbox (13.23766pt too wide) in paragraph at lines 25--25
[][]  
 []

[2


]
Overfull \hbox (13.23766pt too wide) in paragraph at lines 45--45
[][]  
 []

[3

]
LaTeX Font Info:    Font shape `T1/ptm/bx/it' in size <8> not available
(Font)              Font shape `T1/ptm/b/it' tried instead on input line 69.
 [4

] [5

] [6

])
\openout2 = `PROGRAMMING.aux'.

 (./PROGRAMMING.tex
Overfull \hbox (12.43625pt too wide) in paragraph at lines 35--35
[]\T1/ptm/b/n/8 command| 
 []

LaTeX Font Info:    Try loading font information for T1+pcr on input line 35.
(/usr/share/texlive/texmf-dist/tex/latex/psnfss/t1pcr.fd
File: t1pcr.fd 2001/06/04 font definitions for T1/pcr.
)
Overfull \hbox (2.08359pt too wide) in paragraph at lines 35--35
[][]| 
 []


Overfull \hbox (20.35085pt too wide) in paragraph at lines 35--35
[][]  
 []


Underfull \hbox (badness 2376) in paragraph at lines 35--35
[]\T1/ptm/m/n/8 Find out what your cur-rent
 []


Underfull \hbox (badness 10000) in paragraph at lines 35--35
[]\T1/ptm/m/n/8 print fields 2 & 3 from
 []


Overfull \hbox (20.35085pt too wide) in paragraph at lines 35--35
[][]  
 []


Overfull \hbox (6.66026pt too wide) in paragraph at lines 35--35
[]\T1/ptm/b/n/8 package| 
 []


Overfull \hbox (4.31631pt too wide) in paragraph at lines 35--35
[]\T1/ptm/m/n/8 pdflatex| 
 []


Overfull \hbox (20.35085pt too wide) in paragraph at lines 35--35
[][]  
 []


Overfull \vbox (5.50682pt too high) detected at line 35
 []

[7



]
\openout4 = `MAIN.vrb'.

 (./MAIN.vrb
Overfull \hbox (9.51335pt too wide) in paragraph at lines 20--21
[][][][][][][][][][][][][][][][][][][][][][][][][][][][][][][][][][][][][][][] 

 []

) [8

] <./images/sh-script.png, id=123, 909.3975pt x 473.77pt>
File: ./images/sh-script.png Graphic file (type png)

<use ./images/sh-script.png>
Package pdftex.def Info: ./images/sh-script.png used on input line 91.
(pdftex.def)             Requested size: 284.52756pt x 148.23349pt.
 [9

 <./images/sh-script.png>]
Underfull \hbox (badness 2662) in paragraph at lines 146--146
[]\T1/ptm/m/n/8 The two most com-mon generic
 []

[10

]
Overfull \hbox (1.90996pt too wide) in paragraph at lines 212--212
[] 
 []

[11

] [12

]
Underfull \hbox (badness 10000) in paragraph at lines 271--271

 []

<images/julia_web.png, id=148, 1157.32375pt x 1182.4175pt>
File: images/julia_web.png Graphic file (type png)

<use images/julia_web.png>
Package pdftex.def Info: images/julia_web.png used on input line 271.
(pdftex.def)             Requested size: 170.71652pt x 174.4141pt.
 [13

 <./images/julia_web.png>]
<images/functions1.png, id=156, 676.5275pt x 446.66875pt>
File: images/functions1.png Graphic file (type png)

<use images/functions1.png>
Package pdftex.def Info: images/functions1.png used on input line 300.
(pdftex.def)             Requested size: 170.71652pt x 112.70969pt.

<images/functions2.png, id=157, 573.14125pt x 657.45625pt>
File: images/functions2.png Graphic file (type png)

<use images/functions2.png>
Package pdftex.def Info: images/functions2.png used on input line 300.
(pdftex.def)             Requested size: 149.37697pt x 171.35593pt.

Overfull \hbox (7.11319pt too wide) in paragraph at lines 300--300
[][]  
 []

[14

 <./images/functions1.png> <./images/functions2.png>]
<images/PP-sensitivity.png, id=164, 2373.86874pt x 2743.24875pt>
File: images/PP-sensitivity.png Graphic file (type png)

<use images/PP-sensitivity.png>
Package pdftex.def Info: images/PP-sensitivity.png used on input line 332.
(pdftex.def)             Requested size: 120.92421pt x 139.72385pt.
 [15

 <./images/PP-sensitivity.png>]
<images/lorenz_eqs.png, id=172, 225.84375pt x 195.73125pt>
File: images/lorenz_eqs.png Graphic file (type png)

<use images/lorenz_eqs.png>
Package pdftex.def Info: images/lorenz_eqs.png used on input line 361.
(pdftex.def)             Requested size: 85.35826pt x 73.97842pt.
 <images/lorenz.png, id=173, 602.25pt x 401.5pt>
File: images/lorenz.png Graphic file (type png)

<use images/lorenz.png>
Package pdftex.def Info: images/lorenz.png used on input line 361.
(pdftex.def)             Requested size: 184.9429pt x 123.29356pt.
 [16

 <./images/lorenz_eqs.png> <./images/lorenz.png>]
<images/SEIR_eqs.png, id=181, 643.40375pt x 528.97626pt>
File: images/SEIR_eqs.png Graphic file (type png)

<use images/SEIR_eqs.png>
Package pdftex.def Info: images/SEIR_eqs.png used on input line 408.
(pdftex.def)             Requested size: 85.35826pt x 70.17377pt.

<images/SEIR_plot.png, id=182, 515.9275pt x 903.375pt>
File: images/SEIR_plot.png Graphic file (type png)

<use images/SEIR_plot.png>
Package pdftex.def Info: images/SEIR_plot.png used on input line 408.
(pdftex.def)             Requested size: 99.58464pt x 174.35855pt.
 [17

 <./images/SEIR_eqs.png> <./images/SEIR_plot.png>] <images/epi1D_1.png, id=189,
 507.8975pt x 684.5575pt>
File: images/epi1D_1.png Graphic file (type png)

<use images/epi1D_1.png>
Package pdftex.def Info: images/epi1D_1.png used on input line 422.
(pdftex.def)             Requested size: 142.48932pt x 192.05609pt.

<images/epi1D_2.png, id=190, 816.04875pt x 679.53876pt>
File: images/epi1D_2.png Graphic file (type png)

<use images/epi1D_2.png>
Package pdftex.def Info: images/epi1D_2.png used on input line 422.
(pdftex.def)             Requested size: 230.63382pt x 192.05609pt.

Overfull \hbox (41.64827pt too wide) in paragraph at lines 422--422
[]| []| []  
 []

[18

 <./images/epi1D_1.png> <./images/epi1D_2.png>]
<images/epidemic.png, id=197, 903.375pt x 602.25pt>
File: images/epidemic.png Graphic file (type png)
 <use images/epidemic.png>
Package pdftex.def Info: images/epidemic.png used on input line 435.
(pdftex.def)             Requested size: 256.0748pt x 170.71487pt.

[19

 <./images/epidemic.png>] [20

]
<images/epi2D_1.png, id=211, 749.80125pt x 590.205pt>
File: images/epi2D_1.png Graphic file (type png)
 <use images/epi2D_1.png>
Package pdftex.def Info: images/epi2D_1.png used on input line 512.
(pdftex.def)             Requested size: 213.39566pt x 167.96701pt.

[21

 <./images/epi2D_1.png>])
\openout2 = `PLOTS.aux'.

 (./PLOTS.tex
<images/penguin-graph-cover.png, id=218, 280.54813pt x 281.05pt>
File: images/penguin-graph-cover.png Graphic file (type png)

<use images/penguin-graph-cover.png>
Package pdftex.def Info: images/penguin-graph-cover.png used on input line 11.
(pdftex.def)             Requested size: 140.27371pt x 140.52464pt.
 [22



 <./images/penguin-graph-cover.png>]
[23

] [24

]
LaTeX Font Info:    Font shape `T1/ptm/bx/n' in size <10.95> not available
(Font)              Font shape `T1/ptm/b/n' tried instead on input line 47.
 [25

] <images/wrf_RIS.png, id=245, 979.66pt x 609.27625pt>
File: images/wrf_RIS.png Graphic file (type png)

<use images/wrf_RIS.png>
Package pdftex.def Info: images/wrf_RIS.png used on input line 53.
(pdftex.def)             Requested size: 342.88614pt x 213.24988pt.

Overfull \hbox (35.59627pt too wide) in paragraph at lines 53--53
[][]  
 []

[26

 <./images/wrf_RIS.png>]
<images/Theta.png, id=253, 1107.13625pt x 505.89pt>
File: images/Theta.png Graphic file (type png)
 <use images/Theta.png>
Package pdftex.def Info: images/Theta.png used on input line 76.
(pdftex.def)             Requested size: 170.71652pt x 78.003pt.

<images/MIT_eccoV5.png, id=254, 1272.755pt x 671.50874pt>
File: images/MIT_eccoV5.png Graphic file (type png)

<use images/MIT_eccoV5.png>
Package pdftex.def Info: images/MIT_eccoV5.png used on input line 76.
(pdftex.def)             Requested size: 170.71652pt x 90.06572pt.

Overfull \hbox (5.69044pt too wide) detected at line 76
[][][] $[]$[][][][][][][][] $[]$[][][][][][] 
 []

[27

 <./images/Theta.png> <./images/MIT_eccoV5.png>]
<images/tripolar.png, id=262, 985.6825pt x 529.98pt>
File: images/tripolar.png Graphic file (type png)
 <use images/tripolar.png>
Package pdftex.def Info: images/tripolar.png used on input line 82.
(pdftex.def)             Requested size: 325.27623pt x 174.89392pt.

Overfull \hbox (17.98636pt too wide) in paragraph at lines 82--82
[]|  
 []

[28

 <./images/tripolar.png>]
<images/Panoply1.png, id=270, 1470.49374pt x 1053.9375pt>
File: images/Panoply1.png Graphic file (type png)

<use images/Panoply1.png>
Package pdftex.def Info: images/Panoply1.png used on input line 87.
(pdftex.def)             Requested size: 284.52756pt x 203.91684pt.
 [29

 <./images/Panoply1.png>]
<images/Panoply2.png, id=278, 1802.735pt x 1009.7725pt>
File: images/Panoply2.png Graphic file (type png)

<use images/Panoply2.png>
Package pdftex.def Info: images/Panoply2.png used on input line 92.
(pdftex.def)             Requested size: 284.52756pt x 159.36357pt.
 [30

 <./images/Panoply2.png>]
<images/Panoply3.png, id=286, 1163.34625pt x 980.66376pt>
File: images/Panoply3.png Graphic file (type png)

<use images/Panoply3.png>
Package pdftex.def Info: images/Panoply3.png used on input line 97.
(pdftex.def)             Requested size: 241.84842pt x 203.86551pt.
 [31

 <./images/Panoply3.png>]
<images/Panoply4.png, id=295, 1159.33125pt x 980.66376pt>
File: images/Panoply4.png Graphic file (type png)

<use images/Panoply4.png>
Package pdftex.def Info: images/Panoply4.png used on input line 102.
(pdftex.def)             Requested size: 241.84842pt x 204.5688pt.
 [32

 <./images/Panoply4.png>]
<images/Panoply5.png, id=303, 1284.8pt x 929.4725pt>
File: images/Panoply5.png Graphic file (type png)
 <use images/Panoply5.png>
Package pdftex.def Info: images/Panoply5.png used on input line 107.
(pdftex.def)             Requested size: 284.52756pt x 205.83192pt.

[33

 <./images/Panoply5.png>]
<images/Panoply6.png, id=311, 1896.08376pt x 1080.035pt>
File: images/Panoply6.png Graphic file (type png)

<use images/Panoply6.png>
Package pdftex.def Info: images/Panoply6.png used on input line 112.
(pdftex.def)             Requested size: 284.52756pt x 162.06418pt.
 [34

 <./images/Panoply6.png>]
<images/Panoply7.png, id=319, 1286.8075pt x 930.47626pt>
File: images/Panoply7.png Graphic file (type png)

<use images/Panoply7.png>
Package pdftex.def Info: images/Panoply7.png used on input line 117.
(pdftex.def)             Requested size: 284.52756pt x 205.74185pt.
 [35

 <./images/Panoply7.png>]
<images/Panoply8.png, id=328, 1286.8075pt x 930.47626pt>
File: images/Panoply8.png Graphic file (type png)

<use images/Panoply8.png>
Package pdftex.def Info: images/Panoply8.png used on input line 122.
(pdftex.def)             Requested size: 284.52756pt x 205.74185pt.
 [36

 <./images/Panoply8.png>] [37

]
<images/winter_school_domain_1.png, id=343, 1208.515pt x 796.9775pt>
File: images/winter_school_domain_1.png Graphic file (type png)

<use images/winter_school_domain_1.png>
Package pdftex.def Info: images/winter_school_domain_1.png used on input line 1
40.
(pdftex.def)             Requested size: 302.128pt x 199.24388pt.
 [38

 <./images/winter_school_domain_1.png (PNG copy)>]
<images/winter_school_domain_2.png, id=350, 1297.84875pt x 829.0975pt>
File: images/winter_school_domain_2.png Graphic file (type png)

<use images/winter_school_domain_2.png>
Package pdftex.def Info: images/winter_school_domain_2.png used on input line 1
45.
(pdftex.def)             Requested size: 324.4614pt x 207.27386pt.

Overfull \hbox (17.17152pt too wide) in paragraph at lines 145--145
[][]  
 []

[39

 <./images/winter_school_domain_2.png (PNG copy)>]
<images/winter_school_domain_3.png, id=357, 1297.84875pt x 829.0975pt>
File: images/winter_school_domain_3.png Graphic file (type png)

<use images/winter_school_domain_3.png>
Package pdftex.def Info: images/winter_school_domain_3.png used on input line 1
50.
(pdftex.def)             Requested size: 324.4614pt x 207.27386pt.

Overfull \hbox (17.17152pt too wide) in paragraph at lines 150--150
[][]  
 []

[40

 <./images/winter_school_domain_3.png (PNG copy)>]
<images/winter_school_domain_3_2.png, id=364, 1297.84875pt x 829.0975pt>
File: images/winter_school_domain_3_2.png Graphic file (type png)

<use images/winter_school_domain_3_2.png>
Package pdftex.def Info: images/winter_school_domain_3_2.png used on input line
 154.
(pdftex.def)             Requested size: 324.4614pt x 207.27386pt.

Overfull \hbox (17.17152pt too wide) in paragraph at lines 154--154
[][]  
 []

[41

 <./images/winter_school_domain_3_2.png (PNG copy)>] [42

] [43

] [44

] [45

]
[46

] [47

] [48

] [49

] [50

] [51

]
<images/Script1_step1.png, id=434, 955.57pt x 607.26875pt>
File: images/Script1_step1.png Graphic file (type png)

<use images/Script1_step1.png>
Package pdftex.def Info: images/Script1_step1.png used on input line 341.
(pdftex.def)             Requested size: 334.45451pt x 212.54724pt.
 [52

 <./images/Script1_step1.png>]
<images/Script1_step2.png, id=442, 929.4725pt x 283.0575pt>
File: images/Script1_step2.png Graphic file (type png)

<use images/Script1_step2.png>
Package pdftex.def Info: images/Script1_step2.png used on input line 353.
(pdftex.def)             Requested size: 325.32025pt x 99.0716pt.

Overfull \hbox (18.03038pt too wide) in paragraph at lines 353--353
[][] 
 []

[53

 <./images/Script1_step2.png>]
<images/Script1_step3.png, id=450, 909.3975pt x 431.6125pt>
File: images/Script1_step3.png Graphic file (type png)

<use images/Script1_step3.png>
Package pdftex.def Info: images/Script1_step3.png used on input line 362.
(pdftex.def)             Requested size: 318.2939pt x 151.06664pt.

Overfull \hbox (11.00403pt too wide) in paragraph at lines 362--362
[]  
 []

[54

 <./images/Script1_step3.png>]
<images/script1_fig1.png, id=458, 590.205pt x 442.65375pt>
File: images/script1_fig1.png Graphic file (type png)

<use images/script1_fig1.png>
Package pdftex.def Info: images/script1_fig1.png used on input line 367.
(pdftex.def)             Requested size: 265.58978pt x 199.19234pt.
 [55

 <./images/script1_fig1.png>]
<images/Script1_step4.png, id=467, 933.4875pt x 273.02pt>
File: images/Script1_step4.png Graphic file (type png)

<use images/Script1_step4.png>
Package pdftex.def Info: images/Script1_step4.png used on input line 374.
(pdftex.def)             Requested size: 326.72552pt x 95.55843pt.

Overfull \hbox (19.43565pt too wide) in paragraph at lines 374--374
[][]  
 []

[56

 <./images/Script1_step4.png>]
<images/Script1_fig2.png, id=475, 579.16376pt x 440.64626pt>
File: images/Script1_fig2.png Graphic file (type png)

<use images/Script1_fig2.png>
Package pdftex.def Info: images/Script1_fig2.png used on input line 379.
(pdftex.def)             Requested size: 260.62128pt x 198.28897pt.
 [57

 <./images/Script1_fig2.png>]
<images/Nature.png, id=482, 837.1275pt x 233.87375pt>
File: images/Nature.png Graphic file (type png)
 <use images/Nature.png>
Package pdftex.def Info: images/Nature.png used on input line 389.
(pdftex.def)             Requested size: 292.99901pt x 81.85703pt.

<images/Script1_step5.png, id=483, 933.4875pt x 222.8325pt>
File: images/Script1_step5.png Graphic file (type png)

<use images/Script1_step5.png>
Package pdftex.def Info: images/Script1_step5.png used on input line 389.
(pdftex.def)             Requested size: 326.72552pt x 77.99254pt.

Overfull \hbox (19.43565pt too wide) in paragraph at lines 389--389
[][]  
 []

[58

 <./images/Nature.png> <./images/Script1_step5.png>]
<images/Script1_fig3.png, id=491, 596.2275pt x 435.6275pt>
File: images/Script1_fig3.png Graphic file (type png)

<use images/Script1_fig3.png>
Package pdftex.def Info: images/Script1_fig3.png used on input line 395.
(pdftex.def)             Requested size: 268.2999pt x 196.03056pt.
 [59

 <./images/Script1_fig3.png>]
<images/Colormap_1.png, id=498, 1327.96124pt x 950.55125pt>
File: images/Colormap_1.png Graphic file (type png)

<use images/Colormap_1.png>
Package pdftex.def Info: images/Colormap_1.png used on input line 401.
(pdftex.def)             Requested size: 265.58754pt x 190.10687pt.
 [60

 <./images/Colormap_1.png>]
<images/Colormap_2.png, id=506, 1414.28375pt x 954.56625pt>
File: images/Colormap_2.png Graphic file (type png)

<use images/Colormap_2.png>
Package pdftex.def Info: images/Colormap_2.png used on input line 407.
(pdftex.def)             Requested size: 282.85175pt x 190.90987pt.
 [61

 <./images/Colormap_2.png>]
<images/Colormap_3.png, id=515, 1364.09625pt x 938.50626pt>
File: images/Colormap_3.png Graphic file (type png)

<use images/Colormap_3.png>
Package pdftex.def Info: images/Colormap_3.png used on input line 412.
(pdftex.def)             Requested size: 272.81442pt x 187.69792pt.
 [62

 <./images/Colormap_3.png>]
<images/Script1_step6.png, id=523, 941.5175pt x 338.26375pt>
File: images/Script1_step6.png Graphic file (type png)

<use images/Script1_step6.png>
Package pdftex.def Info: images/Script1_step6.png used on input line 420.
(pdftex.def)             Requested size: 329.53606pt x 118.39407pt.

Overfull \hbox (22.24619pt too wide) in paragraph at lines 420--420
[]  
 []

[63

 <./images/Script1_step6.png>]
<images/Script1_fig4.png, id=532, 632.3625pt x 462.72874pt>
File: images/Script1_fig4.png Graphic file (type png)

<use images/Script1_fig4.png>
Package pdftex.def Info: images/Script1_fig4.png used on input line 426.
(pdftex.def)             Requested size: 284.5605pt x 208.22601pt.
 [64

 <./images/Script1_fig4.png>]
<images/Script1_step7.png, id=539, 885.3075pt x 130.4875pt>
File: images/Script1_step7.png Graphic file (type png)

<use images/Script1_step7.png>
Package pdftex.def Info: images/Script1_step7.png used on input line 441.
(pdftex.def)             Requested size: 309.86226pt x 45.6713pt.

Overfull \hbox (2.57239pt too wide) in paragraph at lines 441--441
[][]  
 []

<images/Script1_step8.png, id=540, 796.9775pt x 318.18875pt>
File: images/Script1_step8.png Graphic file (type png)

<use images/Script1_step8.png>
Package pdftex.def Info: images/Script1_step8.png used on input line 441.
(pdftex.def)             Requested size: 278.94629pt x 111.36772pt.
 [65

 <./images/Script1_step7.png> <./images/Script1_step8.png>] <images/Script1_fig
5.png, id=549, 627.34375pt x 465.74pt>
File: images/Script1_fig5.png Graphic file (type png)

<use images/Script1_fig5.png>
Package pdftex.def Info: images/Script1_fig5.png used on input line 457.
(pdftex.def)             Requested size: 156.83554pt x 116.43471pt.

<images/Script1_fig6.png, id=550, 621.32124pt x 468.75125pt>
File: images/Script1_fig6.png Graphic file (type png)

<use images/Script1_fig6.png>
Package pdftex.def Info: images/Script1_fig6.png used on input line 457.
(pdftex.def)             Requested size: 155.32993pt x 117.18752pt.

Overfull \hbox (5.69044pt too wide) detected at line 457
[][][] $[]$[][][][][][][][] $[]$[][][][][][] 
 []

[66

 <./images/Script1_fig5.png> <./images/Script1_fig6.png>]
<images/Script2_step1.png, id=557, 885.3075pt x 360.34625pt>
File: images/Script2_step1.png Graphic file (type png)

<use images/Script2_step1.png>
Package pdftex.def Info: images/Script2_step1.png used on input line 464.
(pdftex.def)             Requested size: 309.86226pt x 126.12308pt.

Overfull \hbox (2.57239pt too wide) in paragraph at lines 464--464
[][]  
 []

[67

 <./images/Script2_step1.png>]
<images/Script1_fig7.png, id=566, 609.27625pt x 464.73625pt>
File: images/Script1_fig7.png Graphic file (type png)

<use images/Script1_fig7.png>
Package pdftex.def Info: images/Script1_fig7.png used on input line 469.
(pdftex.def)             Requested size: 274.17177pt x 209.12938pt.
 [68

 <./images/Script1_fig7.png>]
<images/Script2_step2.png, id=574, 885.3075pt x 109.40875pt>
File: images/Script2_step2.png Graphic file (type png)

<use images/Script2_step2.png>
Package pdftex.def Info: images/Script2_step2.png used on input line 477.
(pdftex.def)             Requested size: 309.86226pt x 38.29362pt.

Overfull \hbox (2.57239pt too wide) in paragraph at lines 477--477
[][]  
 []

<images/Script2_step3.png, id=575, 933.4875pt x 524.96124pt>
File: images/Script2_step3.png Graphic file (type png)

<use images/Script2_step3.png>
Package pdftex.def Info: images/Script2_step3.png used on input line 477.
(pdftex.def)             Requested size: 326.72552pt x 183.73918pt.

Overfull \hbox (19.43565pt too wide) in paragraph at lines 477--477
[]  
 []


Overfull \vbox (1.36748pt too high) detected at line 477
 []

[69

 <./images/Script2_step2.png> <./images/Script2_step3.png>]
<images/script1_fig8.png, id=584, 615.29875pt x 462.72874pt>
File: images/script1_fig8.png Graphic file (type png)

<use images/script1_fig8.png>
Package pdftex.def Info: images/script1_fig8.png used on input line 482.
(pdftex.def)             Requested size: 276.88187pt x 208.22601pt.
 [70

 <./images/script1_fig8.png>]
<images/Script2_step4.png, id=591, 923.45pt x 216.81pt>
File: images/Script2_step4.png Graphic file (type png)

<use images/Script2_step4.png>
Package pdftex.def Info: images/Script2_step4.png used on input line 488.
(pdftex.def)             Requested size: 323.21234pt x 75.88463pt.

Overfull \hbox (15.92247pt too wide) in paragraph at lines 488--488
[][]  
 []

[71

 <./images/Script2_step4.png>]
<images/script1_fig9.png, id=599, 608.2725pt x 460.72125pt>
File: images/script1_fig9.png Graphic file (type png)

<use images/script1_fig9.png>
Package pdftex.def Info: images/script1_fig9.png used on input line 493.
(pdftex.def)             Requested size: 273.7201pt x 207.32265pt.
 [72

 <./images/script1_fig9.png>]
<images/Script3_step1.png, id=606, 855.195pt x 590.205pt>
File: images/Script3_step1.png Graphic file (type png)

<use images/Script3_step1.png>
Package pdftex.def Info: images/Script3_step1.png used on input line 500.
(pdftex.def)             Requested size: 299.32274pt x 206.57484pt.
 [73

 <./images/Script3_step1.png>]
<images/Script3_step2.png, id=615, 868.24374pt x 415.5525pt>
File: images/Script3_step2.png Graphic file (type png)

<use images/Script3_step2.png>
Package pdftex.def Info: images/Script3_step2.png used on input line 506.
(pdftex.def)             Requested size: 303.88986pt x 145.44554pt.
 [74

 <./images/Script3_step2.png>]
<images/script1_fig10.png, id=623, 664.4825pt x 513.92pt>
File: images/script1_fig10.png Graphic file (type png)

<use images/script1_fig10.png>
Package pdftex.def Info: images/script1_fig10.png used on input line 511.
(pdftex.def)             Requested size: 299.01436pt x 231.26186pt.
 [75

 <./images/script1_fig10.png>] [76

]
<images/Script4_step1.png, id=638, 868.24374pt x 221.82875pt>
File: images/Script4_step1.png Graphic file (type png)

<use images/Script4_step1.png>
Package pdftex.def Info: images/Script4_step1.png used on input line 536.
(pdftex.def)             Requested size: 303.88986pt x 77.6412pt.
 [77

 <./images/Script4_step1.png>]
<images/Script4_step2.png, id=646, 868.24374pt x 429.605pt>
File: images/Script4_step2.png Graphic file (type png)

<use images/Script4_step2.png>
Package pdftex.def Info: images/Script4_step2.png used on input line 542.
(pdftex.def)             Requested size: 303.88986pt x 150.364pt.
 [78

 <./images/Script4_step2.png>]
<images/script2_fig1.png, id=654, 582.175pt x 236.885pt>
File: images/script2_fig1.png Graphic file (type png)

<use images/script2_fig1.png>
Package pdftex.def Info: images/script2_fig1.png used on input line 547.
(pdftex.def)             Requested size: 291.08679pt x 118.4422pt.
 [79

 <./images/script2_fig1.png>]
<images/Script4_step3.png, id=662, 853.1875pt x 271.0125pt>
File: images/Script4_step3.png Graphic file (type png)

<use images/Script4_step3.png>
Package pdftex.def Info: images/Script4_step3.png used on input line 553.
(pdftex.def)             Requested size: 298.6201pt x 94.85579pt.
 [80

 <./images/Script4_step3.png>]
<images/script2_fig2.png, id=670, 606.265pt x 254.9525pt>
File: images/script2_fig2.png Graphic file (type png)

<use images/script2_fig2.png>
Package pdftex.def Info: images/script2_fig2.png used on input line 558.
(pdftex.def)             Requested size: 303.13176pt x 127.47592pt.
 [81

 <./images/script2_fig2.png>]
<images/Script4_step4.png, id=677, 1046.91125pt x 488.82625pt>
File: images/Script4_step4.png Graphic file (type png)

<use images/Script4_step4.png>
Package pdftex.def Info: images/Script4_step4.png used on input line 564.
(pdftex.def)             Requested size: 366.42442pt x 171.09174pt.

Overfull \hbox (59.13455pt too wide) in paragraph at lines 564--564
[]  
 []

[82

 <./images/Script4_step4.png>]
<images/script2_fig3.png, id=685, 621.32124pt x 237.88875pt>
File: images/script2_fig3.png Graphic file (type png)

<use images/script2_fig3.png>
Package pdftex.def Info: images/script2_fig3.png used on input line 569.
(pdftex.def)             Requested size: 310.65987pt x 118.94408pt.

Overfull \hbox (3.37pt too wide) in paragraph at lines 569--569
[][]  
 []

[83

 <./images/script2_fig3.png>]
<images/Script4_step5.png, id=692, 1046.91125pt x 278.03876pt>
File: images/Script4_step5.png Graphic file (type png)

<use images/Script4_step5.png>
Package pdftex.def Info: images/Script4_step5.png used on input line 580.
(pdftex.def)             Requested size: 366.42442pt x 97.31502pt.

Overfull \hbox (59.13455pt too wide) in paragraph at lines 580--580
[]  
 []

[84

 <./images/Script4_step5.png>]
<images/script2_fig4.png, id=700, 462.528pt x 346.896pt>
File: images/script2_fig4.png Graphic file (type png)

<use images/script2_fig4.png>
Package pdftex.def Info: images/script2_fig4.png used on input line 585.
(pdftex.def)             Requested size: 277.51894pt x 208.13919pt.
 [85

 <./images/script2_fig4.png>]
<images/xarray_info.png, id=710, 860.21375pt x 482.80376pt>
File: images/xarray_info.png Graphic file (type png)

<use images/xarray_info.png>
Package pdftex.def Info: images/xarray_info.png used on input line 593.
(pdftex.def)             Requested size: 301.07932pt x 168.98384pt.
 [86

 <./images/xarray_info.png>]
<images/xarray_1.png, id=718, 964.60374pt x 302.12875pt>
File: images/xarray_1.png Graphic file (type png)

<use images/xarray_1.png>
Package pdftex.def Info: images/xarray_1.png used on input line 598.
(pdftex.def)             Requested size: 434.06767pt x 135.95668pt.

Overfull \hbox (126.7778pt too wide) in paragraph at lines 598--598
[][]  
 []

[87

 <./images/xarray_1.png>]
<images/print_xarray.png, id=726, 870.25125pt x 588.1975pt>
File: images/print_xarray.png Graphic file (type png)

<use images/print_xarray.png>
Package pdftex.def Info: images/print_xarray.png used on input line 603.
(pdftex.def)             Requested size: 304.5925pt x 205.87221pt.
 [88

 <./images/print_xarray.png>]
<images/xarray_2.png, id=734, 887.315pt x 430.60875pt>
File: images/xarray_2.png Graphic file (type png)

<use images/xarray_2.png>
Package pdftex.def Info: images/xarray_2.png used on input line 608.
(pdftex.def)             Requested size: 310.5649pt x 150.7153pt.

Overfull \hbox (3.27502pt too wide) in paragraph at lines 608--608
[][]  
 []

[89

 <./images/xarray_2.png>]
<images/figure_xarray.png, id=742, 585.18625pt x 410.53375pt>
File: images/figure_xarray.png Graphic file (type png)

<use images/figure_xarray.png>
Package pdftex.def Info: images/figure_xarray.png used on input line 613.
(pdftex.def)             Requested size: 292.5924pt x 205.26637pt.
 [90

 <./images/figure_xarray.png>] [91

]
<images/Script5_step0.png, id=757, 442.65375pt x 554.07pt>
File: images/Script5_step0.png Graphic file (type png)

<use images/Script5_step0.png>
Package pdftex.def Info: images/Script5_step0.png used on input line 633.
(pdftex.def)             Requested size: 154.93112pt x 193.9274pt.
 [92

 <./images/Script5_step0.png>] [93

]
<images/Script5_step1.png, id=771, 900.36375pt x 550.055pt>
File: images/Script5_step1.png Graphic file (type png)

<use images/Script5_step1.png>
Package pdftex.def Info: images/Script5_step1.png used on input line 658.
(pdftex.def)             Requested size: 315.13203pt x 192.52213pt.

Overfull \hbox (7.84216pt too wide) in paragraph at lines 658--658
[][]  
 []

[94

 <./images/Script5_step1.png>]
<images/Script5_step2.png, id=779, 900.36375pt x 342.27875pt>
File: images/Script5_step2.png Graphic file (type png)

<use images/Script5_step2.png>
Package pdftex.def Info: images/Script5_step2.png used on input line 664.
(pdftex.def)             Requested size: 315.13203pt x 119.79935pt.

Overfull \hbox (7.84216pt too wide) in paragraph at lines 664--664
[]  
 []

[95

 <./images/Script5_step2.png>]
<images/Script5_step3.png, id=788, 884.30376pt x 334.24875pt>
File: images/Script5_step3.png Graphic file (type png)

<use images/Script5_step3.png>
Package pdftex.def Info: images/Script5_step3.png used on input line 670.
(pdftex.def)             Requested size: 309.51096pt x 116.9888pt.

Overfull \hbox (2.22108pt too wide) in paragraph at lines 670--670
[]  
 []

[96

 <./images/Script5_step3.png>]
<images/Script5_step4.png, id=796, 978.65625pt x 308.15125pt>
File: images/Script5_step4.png Graphic file (type png)

<use images/Script5_step4.png>
Package pdftex.def Info: images/Script5_step4.png used on input line 682.
(pdftex.def)             Requested size: 342.53482pt x 107.85454pt.

Overfull \hbox (35.24495pt too wide) in paragraph at lines 682--682
[]  
 []

[97

 <./images/Script5_step4.png>]
<images/script5_fig2.png, id=805, 462.528pt x 346.896pt>
File: images/script5_fig2.png Graphic file (type png)

<use images/script5_fig2.png>
Package pdftex.def Info: images/script5_fig2.png used on input line 688.
(pdftex.def)             Requested size: 254.39117pt x 190.79338pt.
 [98

 <./images/script5_fig2.png>]
<images/hint.png, id=813, 386.44376pt x 99.37125pt>
File: images/hint.png Graphic file (type png)
 <use images/hint.png>
Package pdftex.def Info: images/hint.png used on input line 703.
(pdftex.def)             Requested size: 135.25734pt x 34.78046pt.

[99

 <./images/hint.png>]
<images/Script5_step5.png, id=821, 936.49875pt x 294.09875pt>
File: images/Script5_step5.png Graphic file (type png)

<use images/Script5_step5.png>
Package pdftex.def Info: images/Script5_step5.png used on input line 707.
(pdftex.def)             Requested size: 327.77946pt x 102.9361pt.

Overfull \hbox (20.4896pt too wide) in paragraph at lines 707--707
[][]  
 []

[100

 <./images/Script5_step5.png>]
<images/Script5_step6.png, id=829, 977.6525pt x 534.99875pt>
File: images/Script5_step6.png Graphic file (type png)

<use images/Script5_step6.png>
Package pdftex.def Info: images/Script5_step6.png used on input line 714.
(pdftex.def)             Requested size: 342.1835pt x 187.25237pt.

Overfull \hbox (34.89363pt too wide) in paragraph at lines 714--714
[][]  
 []

[101

 <./images/Script5_step6.png>]
<images/Script5_step7.png, id=837, 936.49875pt x 297.11pt>
File: images/Script5_step7.png Graphic file (type png)

<use images/Script5_step7.png>
Package pdftex.def Info: images/Script5_step7.png used on input line 723.
(pdftex.def)             Requested size: 327.77946pt x 103.99005pt.

Overfull \hbox (20.4896pt too wide) in paragraph at lines 723--723
[][]  
 []

[102

 <./images/Script5_step7.png>]
<images/script5_fig3.png, id=845, 867.24pt x 867.24pt>
File: images/script5_fig3.png Graphic file (type png)

<use images/script5_fig3.png>
Package pdftex.def Info: images/script5_fig3.png used on input line 732.
(pdftex.def)             Requested size: 216.80946pt x 216.80946pt.

Overfull \hbox (216.80946pt too wide) in paragraph at lines 732--732
 [][][] 
 []

[103

 <./images/script5_fig3.png>]
<images/Script5_step8.png, id=854, 656.4525pt x 179.67125pt>
File: images/Script5_step8.png Graphic file (type png)

<use images/Script5_step8.png>
Package pdftex.def Info: images/Script5_step8.png used on input line 739.
(pdftex.def)             Requested size: 229.76181pt x 62.88586pt.
 [104

 <./images/Script5_step8.png>] [105

]
<images/script6_fig1.png, id=868, 722.7pt x 1084.05pt>
File: images/script6_fig1.png Graphic file (type png)

<use images/script6_fig1.png>
Package pdftex.def Info: images/script6_fig1.png used on input line 771.
(pdftex.def)             Requested size: 158.99449pt x 238.49173pt.
 [106

 <./images/script6_fig1.png>]
<images/script6_fig2.png, id=876, 722.7pt x 1084.05pt>
File: images/script6_fig2.png Graphic file (type png)

<use images/script6_fig2.png>
Package pdftex.def Info: images/script6_fig2.png used on input line 785.
(pdftex.def)             Requested size: 158.99449pt x 238.49173pt.
 [107

 <./images/script6_fig2.png>])
\openout2 = `WORKSTRUCTURE.aux'.


(./WORKSTRUCTURE.tex

Package hyperref Warning: Token not allowed in a PDF string (PDFDocEncoding):
(hyperref)                removing `alignment tab' on input line 4.

<./images/smiling.png, id=884, 377.41pt x 602.25pt>
File: ./images/smiling.png Graphic file (type png)
 <use ./images/smiling.png>
Package pdftex.def Info: ./images/smiling.png used on input line 34.
(pdftex.def)             Requested size: 89.15205pt x 142.26378pt.

[108



 <./images/smiling.png>]
<./images/bucket.jpg, id=891, 2172.115pt x 3168.83875pt>
File: ./images/bucket.jpg Graphic file (type jpg)

<use ./images/bucket.jpg>
Package pdftex.def Info: ./images/bucket.jpg used on input line 71.
(pdftex.def)             Requested size: 77.98727pt x 113.81102pt.
 [109

 <./images/bucket.jpg>]
<./images/fishbones.jpg, id=899, 2123.935pt x 2493.315pt>
File: ./images/fishbones.jpg Graphic file (type jpg)

<use ./images/fishbones.jpg>
Package pdftex.def Info: ./images/fishbones.jpg used on input line 117.
(pdftex.def)             Requested size: 72.69247pt x 85.35826pt.

<./images/brokencomputer.jpg, id=900, 678.535pt x 489.83pt>
File: ./images/brokencomputer.jpg Graphic file (type jpg)

<use ./images/brokencomputer.jpg>
Package pdftex.def Info: ./images/brokencomputer.jpg used on input line 117.
(pdftex.def)             Requested size: 31.5267pt x 22.76228pt.

<./images/sign.jpg, id=901, 2139.995pt x 2971.1pt>
File: ./images/sign.jpg Graphic file (type jpg)
 <use ./images/sign.jpg>
Package pdftex.def Info: ./images/sign.jpg used on input line 117.
(pdftex.def)             Requested size: 38.41095pt x 53.31429pt.
LaTeX Font Info:    Font shape `T1/ptm/bx/n' in size <14.4> not available
(Font)              Font shape `T1/ptm/b/n' tried instead on input line 117.

[110

 <./images/fishbones.jpg> <./images/brokencomputer.jpg> <./images/sign.jpg>]
LaTeX Font Info:    Try loading font information for OMS+ptm on input line 159.

 (/usr/share/texlive/texmf-dist/tex/latex/psnfss/omsptm.fd
File: omsptm.fd 
)
LaTeX Font Info:    Font shape `OMS/ptm/m/n' in size <7> not available
(Font)              Font shape `OMS/cmsy/m/n' tried instead on input line 159.

<./images/walkman.jpg, id=908, 2515.3975pt x 3022.29124pt>
File: ./images/walkman.jpg Graphic file (type jpg)

<use ./images/walkman.jpg>
Package pdftex.def Info: ./images/walkman.jpg used on input line 159.
(pdftex.def)             Requested size: 71.00638pt x 85.35826pt.

Overfull \hbox (14.10088pt too wide) in paragraph at lines 159--159
[][]  
 []

[111

 <./images/walkman.jpg>]
<./images/box_workflow.png, id=916, 650.43pt x 433.62pt>
File: ./images/box_workflow.png Graphic file (type png)

<use ./images/box_workflow.png>
Package pdftex.def Info: ./images/box_workflow.png used on input line 243.
(pdftex.def)             Requested size: 312.9803pt x 208.65793pt.

Overfull \hbox (5.69043pt too wide) in paragraph at lines 243--243
[][]  
 []

[112

 <./images/box_workflow.png>]
<./images/workflow_example.png, id=924, 427.5975pt x 266.27054pt>
File: ./images/workflow_example.png Graphic file (type png)

<use ./images/workflow_example.png>
Package pdftex.def Info: ./images/workflow_example.png used on input line 264.
(pdftex.def)             Requested size: 312.9803pt x 194.89592pt.

Overfull \hbox (5.69043pt too wide) in paragraph at lines 264--264
[][]  
 []

File: ./images/sign.jpg Graphic file (type jpg)
<use ./images/sign.jpg>
Package pdftex.def Info: ./images/sign.jpg used on input line 264.
(pdftex.def)             Requested size: 38.41095pt x 53.31429pt.

Overfull \vbox (5.6569pt too high) detected at line 264
 []

[113

 <./images/workflow_example.png>]
LaTeX Font Info:    Font shape `T1/ptm/bx/n' in size <7> not available
(Font)              Font shape `T1/ptm/b/n' tried instead on input line 334.
File: ./images/sign.jpg Graphic file (type jpg)
 <use ./images/sign.jpg>
Package pdftex.def Info: ./images/sign.jpg used on input line 334.
(pdftex.def)             Requested size: 38.41095pt x 53.31429pt.
 [114

] [115

]
File: ./images/sign.jpg Graphic file (type jpg)

<use ./images/sign.jpg>
Package pdftex.def Info: ./images/sign.jpg used on input line 402.
(pdftex.def)             Requested size: 38.41095pt x 53.31429pt.

<./images/folderstructure.png, id=946, 259.97125pt x 602.25pt>
File: ./images/folderstructure.png Graphic file (type png)

<use ./images/folderstructure.png>
Package pdftex.def Info: ./images/folderstructure.png used on input line 402.
(pdftex.def)             Requested size: 85.97325pt x 199.16928pt.

Overfull \hbox (0.61499pt too wide) in paragraph at lines 402--402
[]  
 []

[116

 <./images/folderstructure.png>] [117

]
File: ./images/sign.jpg Graphic file (type jpg)
 <use ./images/sign.jpg>
Package pdftex.def Info: ./images/sign.jpg used on input line 460.
(pdftex.def)             Requested size: 38.41095pt x 53.31429pt.
 [118

]
Overfull \hbox (4.71033pt too wide) in paragraph at lines 526--526
[]  
 []

[119

]
File: ./images/sign.jpg Graphic file (type jpg)
 <use ./images/sign.jpg>
Package pdftex.def Info: ./images/sign.jpg used on input line 585.
(pdftex.def)             Requested size: 38.41095pt x 53.31429pt.
 [120

]
Overfull \hbox (6.88359pt too wide) in paragraph at lines 654--654
[]  
 []


Overfull \hbox (6.88359pt too wide) in paragraph at lines 654--654
[]  
 []

File: ./images/sign.jpg Graphic file (type jpg)
<use ./images/sign.jpg>
Package pdftex.def Info: ./images/sign.jpg used on input line 654.
(pdftex.def)             Requested size: 38.41095pt x 53.31429pt.
 [121

]
File: ./images/sign.jpg Graphic file (type jpg)
 <use ./images/sign.jpg>
Package pdftex.def Info: ./images/sign.jpg used on input line 736.
(pdftex.def)             Requested size: 38.41095pt x 53.31429pt.

Overfull \vbox (0.45122pt too high) detected at line 736
 []

[122

]
Overfull \hbox (5.69043pt too wide) in paragraph at lines 781--781
[][]  
 []


Overfull \hbox (47.47154pt too wide) in paragraph at lines 781--781
[] 
 []


Overfull \hbox (5.69043pt too wide) in paragraph at lines 781--781
[][]  
 []

[123

]
Overfull \hbox (29.47159pt too wide) in paragraph at lines 814--814
[] 
 []


Overfull \hbox (5.69043pt too wide) in paragraph at lines 814--814
[][]  
 []

[124

]
Underfull \hbox (badness 10000) in paragraph at lines 839--839

 []


Underfull \hbox (badness 10000) in paragraph at lines 839--839

 []


Overfull \hbox (5.69043pt too wide) in paragraph at lines 839--839
[][]  
 []

[125

]
Overfull \hbox (5.69043pt too wide) in paragraph at lines 880--880
[][]  
 []


Overfull \hbox (5.69043pt too wide) in paragraph at lines 880--880
[][]  
 []

[126

]
Overfull \hbox (47.47154pt too wide) in paragraph at lines 931--931
[] 
 []


Overfull \hbox (5.69043pt too wide) in paragraph at lines 931--931
[][]  
 []


Overfull \hbox (5.69043pt too wide) in paragraph at lines 931--931
[][]  
 []


Overfull \hbox (5.69043pt too wide) in paragraph at lines 931--931
[][]  
 []


Overfull \hbox (5.69043pt too wide) in paragraph at lines 931--931
[][]  
 []

[127

]
Overfull \hbox (5.69043pt too wide) in paragraph at lines 979--979
[][]  
 []


Overfull \hbox (4.27165pt too wide) in paragraph at lines 979--979
[] 
 []


Overfull \hbox (5.69043pt too wide) in paragraph at lines 979--979
[][]  
 []

[128

]
Overfull \hbox (5.69043pt too wide) in paragraph at lines 1027--1027
[][]  
 []


Overfull \hbox (5.69043pt too wide) in paragraph at lines 1027--1027
[][]  
 []


Overfull \hbox (5.69043pt too wide) in paragraph at lines 1027--1027
[][]  
 []

[129

]
Overfull \hbox (5.69043pt too wide) in paragraph at lines 1060--1060
[][]  
 []

File: ./images/sign.jpg Graphic file (type jpg)
<use ./images/sign.jpg>
Package pdftex.def Info: ./images/sign.jpg used on input line 1060.
(pdftex.def)             Requested size: 38.41095pt x 53.31429pt.
 [130

]
<./images/twinky.jpg, id=1042, 2586.66376pt x 3124.67375pt>
File: ./images/twinky.jpg Graphic file (type jpg)

<use ./images/twinky.jpg>
Package pdftex.def Info: ./images/twinky.jpg used on input line 1104.
(pdftex.def)             Requested size: 58.84866pt x 71.13188pt.
 [131

 <./images/twinky.jpg>]
<./images/eyebrow.jpg, id=1049, 2570.60374pt x 2881.76625pt>
File: ./images/eyebrow.jpg Graphic file (type jpg)

<use ./images/eyebrow.jpg>
Package pdftex.def Info: ./images/eyebrow.jpg used on input line 1138.
(pdftex.def)             Requested size: 88.80359pt x 99.58464pt.
 [132

 <./images/eyebrow.jpg>] [133

] [134

]
<./images/bestpractise.png, id=1070, 724.20563pt x 447.92343pt>
File: ./images/bestpractise.png Graphic file (type png)

<use ./images/bestpractise.png>
Package pdftex.def Info: ./images/bestpractise.png used on input line 1230.
(pdftex.def)             Requested size: 338.02072pt x 209.06824pt.

Overfull \hbox (30.73045pt too wide) in paragraph at lines 1230--1230
[][]  
 []

[135

 <./images/bestpractise.png>])
\tf@nav=\write10
\openout10 = `MAIN.nav'.

\tf@toc=\write11
\openout11 = `MAIN.toc'.

\tf@snm=\write12
\openout12 = `MAIN.snm'.

Package atveryend Info: Empty hook `BeforeClearDocument' on input line 195.
Package atveryend Info: Executing hook `AfterLastShipout' on input line 195.
 (./MAIN.aux

Package atenddvi Warning: Rerun LaTeX, last page not yet found.

*************************************************
* media9 warning: "rerun"
* 
* Rerun to get internal references right!
*************************************************

Package animate Warning: @@@@@@@@@@@@@@@@@@@@@@@@@@@@@@@@@@@@@@@@@@@@@
(animate)                @@ Rerun to get internal references right! @@
(animate)                @@@@@@@@@@@@@@@@@@@@@@@@@@@@@@@@@@@@@@@@@@@@@.

(./INTRO.aux) (./PROGRAMMING.aux) (./PLOTS.aux) (./WORKSTRUCTURE.aux))
Package atveryend Info: Executing hook `AtVeryEndDocument' on input line 195.
Package atveryend Info: Executing hook `AtEndAfterFileList' on input line 195.
Package rerunfilecheck Info: File `MAIN.out' has not changed.
(rerunfilecheck)             Checksum: 790AA2566921FFDCF3F16699F45F68E3;333.


LaTeX Warning: Label(s) may have changed. Rerun to get cross-references right.

Package atveryend Info: Empty hook `AtVeryVeryEnd' on input line 195.
 ) 
Here is how much of TeX's memory you used:
 38051 strings out of 493029
 745942 string characters out of 6136233
 861713 words of memory out of 5000000
 40509 multiletter control sequences out of 15000+600000
 53365 words of font info for 71 fonts, out of 8000000 for 9000
 1141 hyphenation exceptions out of 8191
 56i,15n,87p,10365b,1068s stack positions out of 5000i,500n,10000p,200000b,80000s
pdfTeX warning (dest): name{Navigation136} has been referenced but does not e
xist, replaced by a fixed one

{/usr/share/texlive/texmf-dist/fonts/enc/dvips/base/8r.enc}</usr/share/texlive/
texmf-dist/fonts/type1/public/amsfonts/cm/cmmi6.pfb></usr/share/texlive/texmf-d
ist/fonts/type1/public/amsfonts/cm/cmr5.pfb></usr/share/texlive/texmf-dist/font
s/type1/public/amsfonts/cm/cmr6.pfb></usr/share/texlive/texmf-dist/fonts/type1/
public/amsfonts/cm/cmr8.pfb></usr/share/texlive/texmf-dist/fonts/type1/public/a
msfonts/cm/cmsy6.pfb></usr/share/texlive/texmf-dist/fonts/type1/public/amsfonts
/cm/cmsy7.pfb></usr/share/texlive/texmf-dist/fonts/type1/public/amsfonts/cm/cms
y8.pfb></usr/share/texlive/texmf-dist/fonts/type1/public/amsfonts/symbols/msam5
.pfb></usr/share/texlive/texmf-dist/fonts/type1/urw/courier/ucrr8a.pfb></usr/sh
are/texlive/texmf-dist/fonts/type1/urw/times/utmb8a.pfb></usr/share/texlive/tex
mf-dist/fonts/type1/urw/times/utmbi8a.pfb></usr/share/texlive/texmf-dist/fonts/
type1/urw/times/utmr8a.pfb></usr/share/texlive/texmf-dist/fonts/type1/urw/times
/utmri8a.pfb>
Output written on MAIN.pdf (135 pages, 13028533 bytes).
PDF statistics:
 1186 PDF objects out of 1200 (max. 8388607)
 846 compressed objects within 9 object streams
 278 named destinations out of 1000 (max. 500000)
 653 words of extra memory for PDF output out of 10000 (max. 10000000)

